<?xml version="1.0" encoding="UTF-8"?>
<testsuite xmlns:xsi="http://www.w3.org/2001/XMLSchema-instance" xsi:noNamespaceSchemaLocation="https://maven.apache.org/surefire/maven-surefire-plugin/xsd/surefire-test-report.xsd" name="com.studiomuda.estoque.config.SecurityConfigTest" time="1.176" tests="4" errors="0" skipped="0" failures="2">
  <properties>
[...]
</properties>
  <testcase name="devePermitirAcessoDashboardParaDiretor" classname="com.studiomuda.estoque.config.SecurityConfigTest" time="0.185"/>
  <testcase name="deveBloquearAcessoDashboardParaEstoquista" classname="com.studiomuda.estoque.config.SecurityConfigTest" time="0.016">
    <failure message="Status expected:&lt;403&gt; but was:&lt;200&gt;" type="java.lang.AssertionError"><![CDATA[java.lang.AssertionError: Status expected:<403> but was:<200>
	at com.studiomuda.estoque.config.SecurityConfigTest.deveBloquearAcessoDashboardParaEstoquista(SecurityConfigTest.java:41)
]]></failure>
    <system-out><![CDATA[
MockHttpServletRequest:
      HTTP Method = GET
      Request URI = /dashboard
       Parameters = {}
          Headers = []
             Body = null
    Session Attrs = {SPRING_SECURITY_CONTEXT=SecurityContextImpl [Authentication=UsernamePasswordAuthenticationToken [Principal=org.springframework.security.core.userdetails.User [Username=user, Password=[PROTECTED], Enabled=true, AccountNonExpired=true, credentialsNonExpired=true, AccountNonLocked=true, Granted Authorities=[ROLE_ESTOQUISTA]], Credentials=[PROTECTED], Authenticated=true, Details=null, Granted Authorities=[ROLE_ESTOQUISTA]]]}

Handler:
             Type = com.studiomuda.estoque.controller.DashboardController
           Method = com.studiomuda.estoque.controller.DashboardController#dashboard(Model)

Async:
    Async started = false
     Async result = null

Resolved Exception:
             Type = null

ModelAndView:
        View name = dashboard
             View = null
            Model = null

FlashMap:
       Attributes = null

MockHttpServletResponse:
           Status = 200
    Error message = null
          Headers = [Content-Language:"en", Content-Type:"text/html;charset=UTF-8", X-Content-Type-Options:"nosniff", X-XSS-Protection:"1; mode=block", Cache-Control:"no-cache, no-store, max-age=0, must-revalidate", Pragma:"no-cache", Expires:"0", X-Frame-Options:"DENY"]
     Content type = text/html;charset=UTF-8
             Body = <!DOCTYPE html>
<html lang="pt-br">

<head>
    <meta charset="UTF-8">
    <meta name="viewport" content="width=device-width, initial-scale=1.0">
    <title>Sistema de Gestão - Studio Muda | Paisagismo & Plantas Preservadas</title>
    <meta name="description" content="Sistema de gestão para Studio Muda - Especialistas em paisagismo e plantas preservadas que não morrem">
    <link rel="preconnect" href="https://fonts.googleapis.com">
    <link rel="preconnect" href="https://fonts.gstatic.com" crossorigin>
    <link href="https://fonts.googleapis.com/css2?family=Inter:wght@300;400;500;600;700&family=Playfair+Display:wght@400;500;600;700&display=swap" rel="stylesheet">
    <link href="https://cdn.jsdelivr.net/npm/bootstrap@5.3.0-alpha1/dist/css/bootstrap.min.css" rel="stylesheet">
    <link rel="stylesheet" href="https://cdn.jsdelivr.net/npm/bootstrap-icons@1.10.3/font/bootstrap-icons.css">
    <link rel="stylesheet" href="/css/style.css">
    <link rel="stylesheet" href="https://cdnjs.cloudflare.com/ajax/libs/animate.css/4.1.1/animate.min.css">
    <script src="https://cdn.jsdelivr.net/npm/chart.js@3.9.1/dist/chart.min.js"></script>
</head>

<body>
    <!-- Floating elements for aesthetic background -->
    <div class="floating-elements">
        <div class="floating-shape"></div>
        <div class="floating-shape"></div>
        <div class="floating-shape"></div>
    </div>

    <nav class="navbar navbar-expand-lg app-navbar">
        <div class="container-fluid px-4">
            <a class="navbar-brand studio-muda-brand" href="/">
                <img src="/css/muda 10.png" alt="Studio Muda - & Plantas Preservadas" class="brand-logo">
            </a>

            <button class="navbar-toggler" type="button" data-bs-toggle="collapse" data-bs-target="#navbarNav" aria-controls="navbarNav" aria-expanded="false" aria-label="Toggle navigation">
                <span class="navbar-toggler-icon"></span>
            </button>
            <div class="collapse navbar-collapse" id="navbarNav">
                <ul class="navbar-nav app-nav ms-auto align-items-lg-center">
                    <li class="nav-item">
                        <a class="nav-link" href="/"><i class="bi bi-house-heart-fill me-2"></i>Home</a>
                    </li>

                    <li class="nav-item dropdown">
                        <a class="nav-link dropdown-toggle" href="#" id="catalogoDropdown" role="button" data-bs-toggle="dropdown" aria-expanded="false">
                            <i class="bi bi-grid-3x3-gap-fill me-2"></i>Catálogo
                        </a>
                        <ul class="dropdown-menu" aria-labelledby="catalogoDropdown">
                            <li>
                                <a class="dropdown-item" href="/produtos">
                                    <i class="bi bi-flower2 me-2"></i>Produtos
                                </a>
                            </li>
                            <li>
                                <a class="dropdown-item" href="/cupons">
                                    <i class="bi bi-gift-fill me-2"></i>Cupons
                                </a>
                            </li>
                        </ul>
                    </li>

                    <li class="nav-item dropdown">
                        <a class="nav-link dropdown-toggle" href="#" id="operacaoDropdown" role="button" data-bs-toggle="dropdown" aria-expanded="false">
                            <i class="bi bi-boxes me-2"></i>Operação
                        </a>
                        <ul class="dropdown-menu" aria-labelledby="operacaoDropdown">
                            <li>
                                <a class="dropdown-item" href="/pedidos">
                                    <i class="bi bi-basket3-fill me-2"></i>Pedidos
                                </a>
                            </li>
                            <li>
                                <a class="dropdown-item" href="/estoque">
                                    <i class="bi bi-arrow-repeat me-2"></i>Estoque
                                </a>
                            </li>
                            <li>
                                <a class="dropdown-item" href="/suprimentos">
                                    <i class="bi bi-truck-front-fill me-2"></i>Suprimentos
                                </a>
                            </li>
                            <li>
                                <a class="dropdown-item" href="/remessas">
                                    <i class="bi bi-signpost-split-fill me-2"></i>Remessas
                                </a>
                            </li>
                        </ul>
                    </li>

                    <li class="nav-item dropdown">
                        <a class="nav-link dropdown-toggle" href="#" id="pessoasDropdown" role="button" data-bs-toggle="dropdown" aria-expanded="false">
                            <i class="bi bi-people-fill me-2"></i>Pessoas
                        </a>
                        <ul class="dropdown-menu" aria-labelledby="pessoasDropdown">
                            <li>
                                <a class="dropdown-item" href="/clientes">
                                    <i class="bi bi-people-fill me-2"></i>Clientes
                                </a>
                            </li>
                            <li>
                                <a class="dropdown-item" href="/funcionarios">
                                    <i class="bi bi-person-badge-fill me-2"></i>Equipe
                                </a>
                            </li>
                        </ul>
                    </li>

                    <li class="nav-item dropdown">
                        <a class="nav-link dropdown-toggle" href="#" id="financeiroDropdown" role="button" data-bs-toggle="dropdown" aria-expanded="false">
                            <i class="bi bi-cash-stack me-2"></i>Financeiro
                        </a>
                        <ul class="dropdown-menu" aria-labelledby="financeiroDropdown">
                            <li>
                                <a class="dropdown-item" href="/financeiro/relatorios">
                                    <i class="bi bi-file-earmark-bar-graph me-2"></i>Relatórios
                                </a>
                            </li>
                            <li>
                                <a class="dropdown-item" href="/financeiro/templates">
                                    <i class="bi bi-layout-text-window-reverse me-2"></i>Templates
                                </a>
                            </li>
                            <li>
                                <a class="dropdown-item" href="/financeiro/categorias">
                                    <i class="bi bi-tags me-2"></i>Categorias
                                </a>
                            </li>
                            <li>
                                <a class="dropdown-item" href="/financeiro/ajustes">
                                    <i class="bi bi-pencil-square me-2"></i>Ajustes Manuais
                                </a>
                            </li>
                        </ul>
                    </li>

                    <li class="nav-item dropdown">
                        <a class="nav-link dropdown-toggle" href="#" id="acessoDropdown" role="button" data-bs-toggle="dropdown" aria-expanded="false">
                            <i class="bi bi-shield-lock-fill me-2"></i>Segurança
                        </a>
                        <ul class="dropdown-menu" aria-labelledby="acessoDropdown">
                            <li>
                                <a class="dropdown-item" href="/acesso/perfis">
                                    <i class="bi bi-person-badge-fill me-2"></i>Perfis
                                </a>
                            </li>
                            <li>
                                <a class="dropdown-item" href="/acesso/permissoes">
                                    <i class="bi bi-grid-3x3-gap-fill me-2"></i>Permissões
                                </a>
                            </li>
                            <li>
                                <a class="dropdown-item" href="/acesso/usuarios">
                                    <i class="bi bi-person-lock me-2"></i>Usuários
                                </a>
                            </li>
                            <li>
                                <a class="dropdown-item" href="/acesso/logs">
                                    <i class="bi bi-journal-text me-2"></i>Logs de acesso
                                </a>
                            </li>
                        </ul>
                    </li>

                    <li class="nav-item">
                        <a class="nav-link dashboard-link" href="/dashboard">
                            <i class="bi bi-graph-up-arrow me-2"></i>Dashboard
                        </a>
                    </li>

                    <li class="nav-item dropdown">
                        <a class="nav-link dropdown-toggle account-toggle" href="#" id="contaDropdown" role="button" data-bs-toggle="dropdown" aria-expanded="false">
                            <i class="bi bi-person-circle me-2"></i>
                            <span>user</span>
                        </a>
                        <ul class="dropdown-menu dropdown-menu-end account-menu" aria-labelledby="contaDropdown">
                            <li>
                                <span class="dropdown-header">
                                    <i class="bi bi-shield-check me-2"></i>Conta ativa
                                </span>
                            </li>
                            <li>
                                <span class="dropdown-item-text fw-semibold">user</span>
                            </li>
                            <li><hr class="dropdown-divider"></li>
                            <li>
                                <form action="/logout" method="post">
                                    <button type="submit" class="dropdown-item">
                                        <i class="bi bi-arrow-repeat me-2"></i>Trocar conta
                                    </button>
                                </form>
                            </li>
                            <li>
                                <form action="/logout" method="post">
                                    <button type="submit" class="dropdown-item text-danger">
                                        <i class="bi bi-box-arrow-right me-2"></i>Sair
                                    </button>
                                </form>
                            </li>
                        </ul>
                    </li>

                    
                </ul>
            </div>
        </div>
    </nav>

    <div class="dashboard-container">
        <!-- Dashboard Header -->
        <div class="dashboard-header">
            <h1 class="dashboard-title">
                <i class="bi bi-graph-up"></i>
                Dashboard Studio Muda
            </h1>
            <p class="dashboard-subtitle">Análise completa e em tempo real do seu negócio</p>
        </div>

        <!-- Filtros Dinâmicos -->
        <div class="filters-section mb-5">
            <div class="chart-card">
                <div class="chart-header">
                    <h5 class="chart-title">
                        <i class="bi bi-funnel"></i>
                        Filtros Dinâmicos
                    </h5>
                    <button type="button" class="btn btn-outline-light btn-sm" id="resetFilters">
                        <i class="bi bi-arrow-clockwise"></i> Resetar
                    </button>
                </div>
                <div class="chart-container">
                    <div class="row g-3">
                        <div class="col-lg-3 col-md-6">
                            <label class="form-label text-light">Período</label>
                            <div class="input-group">
                                <input type="date" class="form-control form-control-glass" id="dataInicio"
                                    placeholder="Data Início">
                                <input type="date" class="form-control form-control-glass" id="dataFim"
                                    placeholder="Data Fim">
                            </div>
                        </div>
                        <div class="col-lg-2 col-md-6">
                            <label class="form-label text-light">Status do Pedido</label>
                            <select class="form-select form-control-glass" id="statusPedido">
                                <option value="">Todos os Status</option>
                                <option value="PENDENTE">Pendente</option>
                                <option value="EM_ANDAMENTO">Em Andamento</option>
                                <option value="ENTREGUE">Entregue</option>
                            </select>
                        </div>
                        <div class="col-lg-2 col-md-6">
                            <label class="form-label text-light">Categoria</label>
                            <select class="form-select form-control-glass" id="categoria">
                                <option value="">Todas as Categorias</option>
                            </select>
                        </div>
                        <div class="col-lg-2 col-md-6">
                            <label class="form-label text-light">Tipo de Cliente</label>
                            <select class="form-select form-control-glass" id="tipoCliente">
                                <option value="">Todos os Tipos</option>
                                <option value="PESSOA_FISICA">Pessoa Física</option>
                                <option value="PESSOA_JURIDICA">Pessoa Jurídica</option>
                            </select>
                        </div>
                        <div class="col-lg-2 col-md-6">
                            <label class="form-label text-light">Cliente</label>
                            <select class="form-select form-control-glass" id="clienteId">
                                <option value="">Todos os Clientes</option>
                            </select>
                        </div>
                        <div class="col-lg-1 col-md-6 d-flex align-items-end">
                            <button type="button" class="btn btn-primary w-100" id="aplicarFiltros">
                                <i class="bi bi-search"></i> Filtrar
                            </button>
                        </div>
                    </div>
                </div>
            </div>
        </div>

        <!-- KPIs Principais -->
        <h3 class="section-title">
            <i class="bi bi-speedometer2"></i>
            Métricas Principais
        </h3>
        <div class="row g-4 mb-5">
            <div class="col-xl-2 col-md-4 col-6">
                <div class="kpi-card">
                    <i class="bi bi-cart-check kpi-icon"></i>
                    <div class="kpi-value" id="kpi-total-pedidos">
                        <div class="loading-spinner"></div>
                    </div>
                    <div class="kpi-label">Total de Pedidos</div>
                </div>
            </div>
            <div class="col-xl-2 col-md-4 col-6">
                <div class="kpi-card">
                    <i class="bi bi-people-fill kpi-icon"></i>
                    <div class="kpi-value" id="kpi-clientes">
                        <div class="loading-spinner"></div>
                    </div>
                    <div class="kpi-label">Clientes Ativos</div>
                </div>
            </div>
            <div class="col-xl-2 col-md-4 col-6">
                <div class="kpi-card">
                    <i class="bi bi-person-badge-fill kpi-icon"></i>
                    <div class="kpi-value" id="kpi-funcionarios">
                        <div class="loading-spinner"></div>
                    </div>
                    <div class="kpi-label">Funcionários</div>
                </div>
            </div>
            <div class="col-xl-2 col-md-4 col-6">
                <div class="kpi-card">
                    <i class="bi bi-box-seam kpi-icon"></i>
                    <div class="kpi-value" id="kpi-produtos">
                        <div class="loading-spinner"></div>
                    </div>
                    <div class="kpi-label">Produtos</div>
                </div>
            </div>
            <div class="col-xl-2 col-md-4 col-6">
                <div class="kpi-card">
                    <i class="bi bi-archive kpi-icon"></i>
                    <div class="kpi-value" id="kpi-produtos-estoque">
                        <div class="loading-spinner"></div>
                    </div>
                    <div class="kpi-label">Em Estoque</div>
                </div>
            </div>
            <div class="col-xl-2 col-md-4 col-6">
                <div class="kpi-card">
                    <i class="bi bi-ticket-perforated kpi-icon"></i>
                    <div class="kpi-value" id="kpi-cupons">
                        <div class="loading-spinner"></div>
                    </div>
                    <div class="kpi-label">Cupons</div>
                </div>
            </div>
        </div>

        <!-- Alertas -->
        <div id="alertas-container" class="mb-5"></div>

        <!-- Gráficos Principais -->
        <h3 class="section-title">
            <i class="bi bi-bar-chart-line"></i>
            Análises e Visualizações
        </h3>

        <!-- Gráficos em Grid -->
        <div class="row g-4 mb-5">
            <div class="col-lg-4">
                <div class="chart-card">
                    <div class="chart-header">
                        <h5 class="chart-title">
                            <i class="bi bi-line-chart"></i>
                            Evolução de Vendas (12 meses)
                        </h5>
                    </div>
                    <div class="chart-container">
                        <canvas id="evolucaoVendasChart"></canvas>
                    </div>
                </div>
            </div>
            <div class="col-lg-4">
                <div class="chart-card">
                    <div class="chart-header">
                        <h5 class="chart-title">
                            <i class="bi bi-person-circle"></i>
                            Distribuição de Clientes PF/PJ
                        </h5>
                    </div>
                    <div class="chart-container">
                        <canvas id="clientesTipoChart"></canvas>
                    </div>
                </div>
            </div>
            <div class="col-lg-4">
                <div class="chart-card">
                    <div class="chart-header">
                        <h5 class="chart-title">
                            <i class="bi bi-clipboard-check"></i>
                            Pedidos por Status
                        </h5>
                    </div>
                    <div class="chart-container">
                        <canvas id="pedidosStatusChart"></canvas>
                    </div>
                </div>
            </div>
        </div>

        <div class="row g-4 mb-5">
            <div class="col-lg-6">
                <div class="chart-card">
                    <div class="chart-header">
                        <h5 class="chart-title">
                            <i class="bi bi-pie-chart"></i>
                            Produtos por Categoria
                        </h5>
                    </div>
                    <div class="chart-container">
                        <canvas id="produtosCategoriaChart"></canvas>
                    </div>
                </div>
            </div>
            <div class="col-lg-6">
                <div class="chart-card">
                    <div class="chart-header">
                        <h5 class="chart-title">
                            <i class="bi bi-exclamation-triangle"></i>
                            Produtos com Estoque Crítico
                        </h5>
                    </div>
                    <div class="chart-container">
                        <canvas id="produtosBaixoEstoqueChart"></canvas>
                    </div>
                </div>
            </div>
        </div>

        <div class="row g-4 mb-5">
            <div class="col-lg-6">
                <div class="chart-card">
                    <div class="chart-header">
                        <h5 class="chart-title">
                            <i class="bi bi-trophy"></i>
                            Top Produtos Mais Vendidos
                        </h5>
                    </div>
                    <div class="chart-container">
                        <canvas id="topProdutosChart"></canvas>
                    </div>
                </div>
            </div>
            <div class="col-lg-6">
                <div class="chart-card">
                    <div class="chart-header">
                        <h5 class="chart-title">
                            <i class="bi bi-star-fill"></i>
                            Clientes Mais Ativos
                        </h5>
                    </div>
                    <div class="chart-container">
                        <canvas id="topClientesChart"></canvas>
                    </div>
                </div>
            </div>
        </div>

        <div class="row g-4 mb-5">
            <div class="col-lg-6">
                <div class="chart-card">
                    <div class="chart-header">
                        <h5 class="chart-title">
                            <i class="bi bi-check-circle"></i>
                            Pedidos Entregues no Prazo vs. Atrasados
                        </h5>
                    </div>
                    <div class="chart-container">
                        <canvas id="entregasPrazoChart"></canvas>
                    </div>
                </div>
            </div>
            <div class="col-lg-6">
                <div class="chart-card">
                    <div class="chart-header">
                        <h5 class="chart-title">
                            <i class="bi bi-clock"></i>
                            Tempo Médio de Entrega por Mês
                        </h5>
                    </div>
                    <div class="chart-container">
                        <canvas id="tempoEntregaChart"></canvas>
                    </div>
                </div>
            </div>
        </div>

        <!-- Tabela de Pedidos Recentes -->
        <div class="row g-4">
            <div class="col-12">
                <div class="chart-card">
                    <div class="chart-header">
                        <h5 class="chart-title">
                            <i class="bi bi-clock-history"></i>
                            Pedidos Recentes
                        </h5>
                    </div>
                    <div class="chart-container">
                        <div class="table-responsive">
                            <table class="table table-glass">
                                <thead>
                                    <tr>
                                        <th>ID</th>
                                        <th>Cliente</th>
                                        <th>Data Pedido</th>
                                        <th>Valor Total</th>
                                        <th>Data Entrega</th>
                                    </tr>
                                </thead>
                                <tbody id="tabela-pedidos">
                                    <tr>
                                        <td colspan="5" class="text-center" style="color: white !important;">
                                            <div class="loading-spinner"></div>
                                            <div class="mt-2" style="color: white !important;">Carregando...</div>
                                        </td>
                                    </tr>
                                </tbody>
                            </table>
                        </div>
                    </div>
                </div>
            </div>
        </div>
    </div>

    <!-- Modal Detalhes Dinâmico -->
    <div class="modal fade" id="detalheModal" tabindex="-1" aria-hidden="true">
        <div class="modal-dialog modal-lg modal-dialog-centered">
            <div class="modal-content">
                <div class="modal-header">
                    <h5 class="modal-title" id="detalheModalLabel">Detalhes</h5>
                    <button type="button" class="btn-close" data-bs-dismiss="modal" aria-label="Fechar"></button>
                </div>
                <div class="modal-body" id="detalheModalBody">
                    <!-- Detalhes dinâmicos aqui -->
                </div>
            </div>
        </div>
    </div>

    <script src="https://cdn.jsdelivr.net/npm/bootstrap@5.3.2/dist/js/bootstrap.bundle.min.js"></script>
    <script>
        // Dashboard Principal - Studio Muda - Versão Moderna com Filtros
        class DashboardStudioMuda {
            constructor() {
                this.charts = {};
                this.filters = {
                    dataInicio: '',
                    dataFim: '',
                    statusPedido: '',
                    categoria: '',
                    tipoCliente: '',
                    clienteId: ''
                };
                this.colors = {
                    primary: ['#667eea', '#764ba2', '#f093fb', '#f5576c', '#4facfe', '#00f2fe'],
                    gradients: {
                        blue: 'linear-gradient(135deg, #667eea 0%, #764ba2 100%)',
                        purple: 'linear-gradient(135deg, #f093fb 0%, #f5576c 100%)',
                        cyan: 'linear-gradient(135deg, #4facfe 0%, #00f2fe 100%)',
                        success: 'linear-gradient(135deg, #43e97b 0%, #38f9d7 100%)',
                        warning: 'linear-gradient(135deg, #fa709a 0%, #fee140 100%)'
                    }
                };
                this.init();
            }

            async init() {
                if (typeof Chart === 'undefined') {
                    console.error('Chart.js não está carregado!');
                    return;
                }

                console.log('Iniciando Dashboard Studio Muda...');
                this.setupChartDefaults();
                this.initializeFilters();
                await this.loadFilterOptions();
                await this.loadKPIs();
                await this.loadAlertas();
                await this.initializeCharts();
                await this.loadPedidosRecentes();
                console.log('Dashboard iniciado com sucesso!');
            }

            setupChartDefaults() {
                Chart.defaults.font.family = "'Inter', sans-serif";
                Chart.defaults.color = '#2c3e50'; // Cor mais escura e legível
                Chart.defaults.responsive = true;
                Chart.defaults.maintainAspectRatio = false;
                Chart.defaults.plugins.legend.labels.color = '#2c3e50'; // Texto legível em fundos claros
                Chart.defaults.scale.grid.color = 'rgba(44, 62, 80, 0.2)'; // Grid visível mas sutil
                Chart.defaults.scale.ticks.color = '#2c3e50'; // Ticks legíveis
            }

            // Inicializar filtros
            initializeFilters() {
                // Set default date range (last 12 months)
                const today = new Date();
                const lastYear = new Date(today);
                lastYear.setFullYear(today.getFullYear() - 1);

                document.getElementById('dataInicio').value = lastYear.toISOString().split('T')[0];
                document.getElementById('dataFim').value = today.toISOString().split('T')[0];

                // Add event listeners
                document.getElementById('aplicarFiltros').addEventListener('click', () => this.applyFilters());
                document.getElementById('resetFilters').addEventListener('click', () => this.resetFilters());

                // Auto-apply filters on change
                ['dataInicio', 'dataFim', 'statusPedido', 'categoria', 'tipoCliente', 'clienteId'].forEach(id => {
                    document.getElementById(id).addEventListener('change', () => {
                        this.updateFiltersFromDOM();
                        this.applyFiltersDebounced();
                    });
                });
            }

            // Carregar opções dos filtros
            async loadFilterOptions() {
                try {
                    // Carregar categorias
                    const categoriaResponse = await fetch('/dashboard/api/categorias');
                    const categorias = await categoriaResponse.json();
                    const categoriaSelect = document.getElementById('categoria');
                    categorias.forEach(cat => {
                        const option = document.createElement('option');
                        option.value = cat.id;
                        option.textContent = cat.nome;
                        categoriaSelect.appendChild(option);
                    });

                    // Carregar clientes
                    const clienteResponse = await fetch('/dashboard/api/clientes');
                    const clientes = await clienteResponse.json();
                    const clienteSelect = document.getElementById('clienteId');
                    clientes.forEach(cliente => {
                        const option = document.createElement('option');
                        option.value = cliente.id;
                        option.textContent = cliente.nome;
                        clienteSelect.appendChild(option);
                    });
                } catch (error) {
                    console.error('Erro ao carregar opções dos filtros:', error);
                }
            }

            // Atualizar filtros do DOM
            updateFiltersFromDOM() {
                this.filters = {
                    dataInicio: document.getElementById('dataInicio').value,
                    dataFim: document.getElementById('dataFim').value,
                    statusPedido: document.getElementById('statusPedido').value,
                    categoria: document.getElementById('categoria').value,
                    tipoCliente: document.getElementById('tipoCliente').value,
                    clienteId: document.getElementById('clienteId').value
                };
            }

            // Aplicar filtros com debounce
            applyFiltersDebounced() {
                clearTimeout(this.filterTimeout);
                this.filterTimeout = setTimeout(() => this.applyFilters(), 500);
            }

            // Aplicar filtros
            async applyFilters() {
                this.updateFiltersFromDOM();
                console.log('Aplicando filtros:', this.filters);

                // Show loading indicators
                this.showLoadingIndicators();

                try {
                    // Reload all data with filters
                    await Promise.all([
                        this.loadKPIs(),
                        this.loadAlertas(),
                        this.updateAllCharts(),
                        this.loadPedidosRecentes()
                    ]);
                } catch (error) {
                    console.error('Erro ao aplicar filtros:', error);
                }
            }

            // Resetar filtros
            async resetFilters() {
                const today = new Date();
                const lastYear = new Date(today);
                lastYear.setFullYear(today.getFullYear() - 1);

                document.getElementById('dataInicio').value = lastYear.toISOString().split('T')[0];
                document.getElementById('dataFim').value = today.toISOString().split('T')[0];
                document.getElementById('statusPedido').value = '';
                document.getElementById('categoria').value = '';
                document.getElementById('tipoCliente').value = '';
                document.getElementById('clienteId').value = '';

                await this.applyFilters();
            }

            // Mostrar indicadores de carregamento
            showLoadingIndicators() {
                const chartContainers = document.querySelectorAll('.chart-container canvas');
                chartContainers.forEach(canvas => {
                    canvas.style.opacity = '0.5';
                });
            }

            // Construir query string dos filtros
            buildFilterQuery() {
                const params = new URLSearchParams();
                Object.entries(this.filters).forEach(([key, value]) => {
                    if (value) params.append(key, value);
                });
                return params.toString();
            }

            // Atualizar todos os gráficos
            async updateAllCharts() {
                const chartMethods = [
                    this.createEvolucaoVendasChart,
                    this.createClientesTipoChart,
                    this.createPedidosStatusChart,
                    this.createProdutosCategoriaChart,
                    this.createProdutosBaixoEstoqueChart,
                    this.createTopProdutosChart,
                    this.createTopClientesChart,
                    this.createEntregasPrazoChart,
                    this.createTempoEntregaChart
                ];

                for (const method of chartMethods) {
                    try {
                        await method.call(this);
                    } catch (error) {
                        console.error(`Erro ao atualizar gráfico:`, error);
                    }
                }
            }

            // KPIs com filtros
            async loadKPIs() {
                try {
                    const query = this.buildFilterQuery();
                    const response = await fetch(`/dashboard/api/metricas-principais?${query}`);
                    const data = await response.json();

                    this.updateKPI('kpi-total-pedidos', data.totalPedidos || 0);
                    this.updateKPI('kpi-clientes', data.clientesAtivos || 0);
                    this.updateKPI('kpi-funcionarios', data.funcionariosAtivos || 0);
                    this.updateKPI('kpi-produtos', data.totalProdutos || 0);
                    this.updateKPI('kpi-produtos-estoque', data.produtosEstoque || 0);
                    this.updateKPI('kpi-cupons', data.totalCupons || 0);
                } catch (error) {
                    console.error('Erro ao carregar KPIs:', error);
                    this.showErrorKPIs();
                }
            }

            updateKPI(elementId, value) {
                const element = document.getElementById(elementId);
                if (element) {
                    const spinner = element.querySelector('.loading-spinner');
                    if (spinner) spinner.remove();
                    element.textContent = typeof value === 'number' ? value.toLocaleString('pt-BR') : value;
                }
            }

            showErrorKPIs() {
                ['kpi-total-pedidos', 'kpi-clientes', 'kpi-funcionarios', 'kpi-produtos', 'kpi-produtos-estoque', 'kpi-cupons'].forEach(id => {
                    this.updateKPI(id, '--');
                });
            }

            // Alertas com filtros
            async loadAlertas() {
                try {
                    const query = this.buildFilterQuery();
                    const response = await fetch(`/dashboard/api/alertas?${query}`);
                    const data = await response.json();

                    const container = document.getElementById('alertas-container');
                    if (container) {
                        container.innerHTML = '';

                        if (data.produtosFalta > 0 || data.pedidosPendentes > 0 || data.pedidosAtrasados > 0 || data.alertasFinanceiros > 0) {
                            const alertDiv = document.createElement('div');
                            alertDiv.className = 'alert-glass';
                            alertDiv.innerHTML = `
                        <h6><i class="bi bi-exclamation-triangle"></i> Atenção Necessária</h6>
                        <div class="row">
                            ${data.produtosFalta > 0 ? `<div class="col-md-4"><strong>${data.produtosFalta}</strong> produtos em falta</div>` : ''}
                            ${data.pedidosPendentes > 0 ? `<div class="col-md-4"><strong>${data.pedidosPendentes}</strong>  pedidos em aberto</div>` : ''}
                            ${data.pedidosAtrasados > 0 ? `<div class="col-md-4"><strong>${data.pedidosAtrasados}</strong> pedidos atrasados</div>` : ''}
                            ${data.alertasFinanceiros > 0 ? `<div class="col-md-4"><strong>${data.alertasFinanceiros}</strong> alertas de inadimplência</div>` : ''}
                        </div>
                    `;
                            container.appendChild(alertDiv);
                        }
                    }
                } catch (error) {
                    console.error('Erro ao carregar alertas:', error);
                }
            }

            // Inicializar gráficos
            async initializeCharts() {
                const chartMethods = [
                    this.createEvolucaoVendasChart,
                    this.createClientesTipoChart,
                    this.createPedidosStatusChart,
                    this.createProdutosCategoriaChart,
                    this.createProdutosBaixoEstoqueChart,
                    this.createTopProdutosChart,
                    this.createTopClientesChart,
                    this.createEntregasPrazoChart,
                    this.createTempoEntregaChart
                ];

                for (const method of chartMethods) {
                    try {
                        await method.call(this);
                    } catch (error) {
                        console.error(`Erro ao inicializar gráfico:`, error);
                    }
                }
            }

            // Gráficos individuais
            async createEvolucaoVendasChart() {
                try {
                    const query = this.buildFilterQuery();
                    const response = await fetch(`/dashboard/api/evolucao-vendas?${query}`);
                    const data = await response.json();

                    const ctx = document.getElementById('evolucaoVendasChart');
                    if (!ctx) return;

                    // Destroy existing chart
                    if (this.charts.evolucaoVendas) {
                        this.charts.evolucaoVendas.destroy();
                    }

                    this.charts.evolucaoVendas = new Chart(ctx, {
                        type: 'line',
                        data: {
                            labels: data.map(item => `${item.nomeMes}/${item.ano}`),
                            datasets: [{
                                label: 'Faturamento (R$)',
                                data: data.map(item => item.faturamento),
                                borderColor: '#667eea',
                                backgroundColor: 'rgba(102, 126, 234, 0.1)',
                                borderWidth: 3,
                                fill: true,
                                tension: 0.4,
                                yAxisID: 'y'
                            }, {
                                label: 'Pedidos',
                                data: data.map(item => item.pedidos),
                                borderColor: '#f093fb',
                                backgroundColor: 'rgba(240, 147, 251, 0.1)',
                                borderWidth: 3,
                                fill: false,
                                tension: 0.4,
                                yAxisID: 'y1'
                            }]
                        },
                        options: {
                            responsive: true,
                            interaction: {
                                mode: 'index',
                                intersect: false,
                            },
                            scales: {
                                y: {
                                    type: 'linear',
                                    display: true,
                                    position: 'left',
                                    title: { display: true, text: 'Faturamento (R$)', color: '#2c3e50' },
                                    ticks: { color: '#2c3e50' },
                                    grid: { color: 'rgba(44, 62, 80, 0.2)' }
                                },
                                y1: {
                                    type: 'linear',
                                    display: true,
                                    position: 'right',
                                    title: { display: true, text: 'Pedidos', color: '#2c3e50' },
                                    grid: { drawOnChartArea: false },
                                    ticks: { color: '#2c3e50' }
                                },
                                x: {
                                    ticks: { color: '#2c3e50' },
                                    grid: { color: 'rgba(44, 62, 80, 0.2)' }
                                }
                            },
                            plugins: {
                                legend: {
                                    position: 'top',
                                    labels: { color: '#2c3e50' }
                                }
                            },
                            onComplete: () => {
                                ctx.style.opacity = '1';
                            }
                        }
                    });
                } catch (error) {
                    console.error('Erro ao criar gráfico de evolução de vendas:', error);
                }
            }

            async createClientesTipoChart() {
                try {
                    const query = this.buildFilterQuery();
                    const response = await fetch(`/dashboard/api/clientes-tipo?${query}`);
                    const data = await response.json();

                    const ctx = document.getElementById('clientesTipoChart');
                    if (!ctx) return;

                    if (this.charts.clientesTipo) {
                        this.charts.clientesTipo.destroy();
                    }

                    this.charts.clientesTipo = new Chart(ctx, {
                        type: 'doughnut',
                        data: {
                            labels: ['Pessoa Física', 'Pessoa Jurídica'],
                            datasets: [{
                                data: [data.pf, data.pj],
                                backgroundColor: ['#667eea', '#f093fb'],
                                borderWidth: 3,
                                borderColor: 'rgba(255, 255, 255, 0.2)'
                            }]
                        },
                        options: {
                            responsive: true,
                            plugins: {
                                legend: {
                                    position: 'bottom',
                                    labels: { color: '#2c3e50' }
                                }
                            },
                            onComplete: () => {
                                ctx.style.opacity = '1';
                            }
                        }
                    });
                } catch (error) {
                    console.error('Erro ao criar gráfico de tipos de cliente:', error);
                }
            }

            // ...dentro da sua classe DashboardStudioMuda...

            async createPedidosStatusChart() {
                try {
                    const query = this.buildFilterQuery();
                    const response = await fetch(`/dashboard/api/pedidos-status?${query}`);
                    const data = await response.json();

                    const ctx = document.getElementById('pedidosStatusChart');
                    if (!ctx) return;

                    // Mapeamento para labels amigáveis
                    const statusLabelsMap = {
                        'PENDENTE': 'Pendente',
                        'EM_ANDAMENTO': 'Em Andamento',
                        'ENTREGUE': 'Entregue'
                    };

                    // Descobre se há filtro de status
                    const statusFiltro = document.getElementById('statusPedido').value;

                    let labels = [];
                    let valores = [];
                    let cores = [];

                    if (statusFiltro && statusLabelsMap[statusFiltro]) {
                        // Só mostra o status filtrado
                        const item = data.find(i => i.status === statusFiltro);
                        labels = [statusLabelsMap[statusFiltro]];
                        valores = [item ? item.total : 0];
                        // Cor correspondente ao status
                        cores = statusFiltro === 'PENDENTE' ? ['#b5aaff']
                            : statusFiltro === 'EM_ANDAMENTO' ? ['#d1a3c7']
                                : ['#ffb3f7'];
                    } else {
                        // Mostra todos os status
                        labels = Object.values(statusLabelsMap);
                        valores = [
                            data.find(i => i.status === 'PENDENTE')?.total || 0,
                            data.find(i => i.status === 'EM_ANDAMENTO')?.total || 0,
                            data.find(i => i.status === 'ENTREGUE')?.total || 0
                        ];
                        cores = ['#b5aaff', '#d1a3c7', '#ffb3f7'];
                    }

                    // Destroy existing chart if exists
                    if (this.charts && this.charts.pedidosStatus) {
                        this.charts.pedidosStatus.destroy();
                    }

                    this.charts = this.charts || {};
                    this.charts.pedidosStatus = new Chart(ctx, {
                        type: 'pie',
                        data: {
                            labels: labels,
                            datasets: [{
                                data: valores,
                                backgroundColor: cores,
                                borderWidth: 3,
                                borderColor: 'rgba(255, 255, 255, 0.2)'
                            }]
                        },
                        options: {
                            responsive: true,
                            plugins: {
                                legend: {
                                    position: 'bottom',
                                    labels: { color: '#2c3e50' }
                                }
                            }
                        }
                    });
                } catch (error) {
                    console.error('Erro ao criar gráfico de status dos pedidos:', error);
                }
            }

            async createProdutosCategoriaChart() {
                try {
                    const query = this.buildFilterQuery();
                    const response = await fetch(`/dashboard/api/vendas-por-categoria?${query}`);
                    const data = await response.json();

                    const ctx = document.getElementById('produtosCategoriaChart');
                    if (!ctx) return;

                    // Destroy existing chart
                    if (this.charts.produtosCategoria) {
                        this.charts.produtosCategoria.destroy();
                    }

                    this.charts.produtosCategoria = new Chart(ctx, {
                        type: 'doughnut',
                        data: {
                            labels: data.map(item => item.categoria),
                            datasets: [{
                                data: data.map(item => item.quantidadeTotal),
                                backgroundColor: this.colors.primary,
                                borderWidth: 3,
                                borderColor: 'rgba(255, 255, 255, 0.2)'
                            }]
                        },
                        options: {
                            responsive: true,
                            plugins: {
                                legend: {
                                    position: 'bottom',
                                    labels: { color: '#2c3e50' }
                                }
                            },
                            onComplete: () => {
                                ctx.style.opacity = '1';
                            }
                        }
                    });
                } catch (error) {
                    console.error('Erro ao criar gráfico de produtos por categoria:', error);
                }
            }

            async createProdutosBaixoEstoqueChart() {
                try {
                    const query = this.buildFilterQuery();
                    const response = await fetch(`/dashboard/api/produtos-baixo-estoque?${query}`);
                    const data = await response.json();

                    const ctx = document.getElementById('produtosBaixoEstoqueChart');
                    if (!ctx) return;

                    const limitedData = data.slice(0, 10);

                    // Destroy existing chart
                    if (this.charts.produtosBaixoEstoque) {
                        this.charts.produtosBaixoEstoque.destroy();
                    }

                    this.charts.produtosBaixoEstoque = new Chart(ctx, {
                        type: 'bar',
                        data: {
                            labels: limitedData.map(item => item.nome),
                            datasets: [{
                                label: 'Quantidade em Estoque',
                                data: limitedData.map(item => item.quantidade),
                                backgroundColor: limitedData.map(item => {
                                    if (item.quantidade === 0) return '#dc3545';
                                    if (item.quantidade <= 5) return '#fd7e14';
                                    return '#ffc107';
                                }),
                                borderWidth: 2,
                                borderColor: 'rgba(255, 255, 255, 0.2)'
                            }]
                        },
                        options: {
                            responsive: true,
                            indexAxis: 'y',
                            plugins: {
                                legend: { display: false }
                            },
                            scales: {
                                x: {
                                    title: { display: true, text: 'Quantidade', color: '#2c3e50' },
                                    ticks: { color: '#2c3e50' },
                                    grid: { color: 'rgba(44, 62, 80, 0.2)' }
                                },
                                y: {
                                    ticks: { color: '#2c3e50' },
                                    grid: { color: 'rgba(44, 62, 80, 0.2)' }
                                }
                            }
                        }
                    });
                } catch (error) {
                    console.error('Erro ao criar gráfico de baixo estoque:', error);
                }
            }

            async createTopProdutosChart() {
                try {
                    const query = this.buildFilterQuery();
                    const response = await fetch(`/dashboard/api/top-produtos?${query}`);
                    const data = await response.json();

                    const ctx = document.getElementById('topProdutosChart');
                    if (!ctx) return;

                    // Destroy existing chart
                    if (this.charts.topProdutos) {
                        this.charts.topProdutos.destroy();
                    }

                    this.charts.topProdutos = new Chart(ctx, {
                        type: 'bar',
                        data: {
                            labels: data.map(item => item.produtoNome),
                            datasets: [{
                                label: 'Quantidade Vendida',
                                data: data.map(item => item.quantidadeVendida),
                                backgroundColor: 'rgba(102, 126, 234, 0.8)',
                                borderColor: '#667eea',
                                borderWidth: 2
                            }]
                        },
                        options: {
                            responsive: true,
                            indexAxis: 'y',
                            plugins: {
                                legend: { display: false }
                            },
                            scales: {
                                x: {
                                    title: { display: true, text: 'Quantidade Vendida', color: '#2c3e50' },
                                    ticks: { color: '#2c3e50' },
                                    grid: { color: 'rgba(44, 62, 80, 0.2)' }
                                },
                                y: {
                                    ticks: { color: '#2c3e50' },
                                    grid: { color: 'rgba(44, 62, 80, 0.2)' }
                                }
                            }
                        }
                    });
                } catch (error) {
                    console.error('Erro ao criar gráfico de top produtos:', error);
                }
            }

            // ...dentro da sua classe DashboardStudioMuda...

            async createTopClientesChart() {
                try {
                    const query = this.buildFilterQuery();
                    const response = await fetch(`/dashboard/api/top-clientes?${query}`);
                    const data = await response.json();

                    const ctx = document.getElementById('topClientesChart');
                    if (!ctx) return;

                    // Destroy existing chart
                    if (this.charts.topClientes) {
                        this.charts.topClientes.destroy();
                    }

                    this.charts.topClientes = new Chart(ctx, {
                        type: 'bar',
                        data: {
                            labels: data.map(item => item.nome),
                            datasets: [{
                                label: 'Total de Pedidos',
                                data: data.map(item => item.pedidos), // <-- CORRIGIDO AQUI
                                backgroundColor: 'rgba(240, 147, 251, 0.8)',
                                borderColor: '#f093fb',
                                borderWidth: 2
                            }]
                        },
                        options: {
                            responsive: true,
                            plugins: {
                                legend: { display: false }
                            },
                            scales: {
                                y: {
                                    title: { display: true, text: 'Pedidos', color: '#2c3e50' },
                                    ticks: { color: '#2c3e50' },
                                    grid: { color: 'rgba(44, 62, 80, 0.2)' }
                                },
                                x: {
                                    ticks: { color: '#2c3e50' },
                                    grid: { color: 'rgba(44, 62, 80, 0.2)' }
                                }
                            }
                        }
                    });
                } catch (error) {
                    console.error('Erro ao criar gráfico de top clientes:', error);
                }
            }

            async createEntregasPrazoChart() {
                try {
                    const query = this.buildFilterQuery();
                    console.log('Carregando Entregas Prazo - Query:', query);
                    const response = await fetch(`/dashboard/api/entregas-prazo?${query}`);
                    console.log('Entregas Prazo Response status:', response.status);
                    const data = await response.json();
                    console.log('Entregas Prazo Data:', data);

                    const ctx = document.getElementById('entregasPrazoChart');
                    console.log('Entregas Prazo Canvas encontrado:', !!ctx);
                    if (!ctx) {
                        console.error('Canvas entregasPrazoChart não encontrado!');
                        return;
                    }

                    // Destroy existing chart
                    if (this.charts.entregasPrazo) {
                        this.charts.entregasPrazo.destroy();
                    }

                    this.charts.entregasPrazo = new Chart(ctx, {
                        type: 'doughnut',
                        data: {
                            labels: ['No Prazo', 'Atrasadas'],
                            datasets: [{
                                data: [data.noPrazo, data.atrasados],
                                backgroundColor: ['#43e97b', '#fa709a'],
                                borderWidth: 3,
                                borderColor: 'rgba(255, 255, 255, 0.2)'
                            }]
                        },
                        options: {
                            responsive: true,
                            plugins: {
                                legend: {
                                    position: 'bottom',
                                    labels: { color: '#2c3e50' }
                                }
                            },
                            onComplete: () => {
                                ctx.style.opacity = '1';
                            }
                        }
                    });
                } catch (error) {
                    console.error('Erro ao criar gráfico de entregas no prazo:', error);
                }
            }

            async createTempoEntregaChart() {
                try {
                    const query = this.buildFilterQuery();
                    console.log('Carregando Tempo Entrega - Query:', query);
                    const response = await fetch(`/dashboard/api/tempo-entrega-mes?${query}`);
                    console.log('Tempo Entrega Response status:', response.status);
                    const data = await response.json();
                    console.log('Tempo Entrega Data:', data);

                    const ctx = document.getElementById('tempoEntregaChart');
                    console.log('Tempo Entrega Canvas encontrado:', !!ctx);
                    if (!ctx) {
                        console.error('Canvas tempoEntregaChart não encontrado!');
                        return;
                    }

                    // Destroy existing chart
                    if (this.charts.tempoEntrega) {
                        this.charts.tempoEntrega.destroy();
                    }

                    this.charts.tempoEntrega = new Chart(ctx, {
                        type: 'line',
                        data: {
                            labels: data.map(item => `${item.mes}/${item.ano}`),
                            datasets: [{
                                label: 'Tempo Médio (dias)',
                                data: data.map(item => item.tempoMedio),
                                borderColor: '#4facfe',
                                backgroundColor: 'rgba(79, 172, 254, 0.1)',
                                borderWidth: 3,
                                fill: true,
                                tension: 0.4
                            }]
                        },
                        options: {
                            responsive: true,
                            plugins: {
                                legend: { display: false }
                            },
                            scales: {
                                y: {
                                    title: { display: true, text: 'Dias', color: '#2c3e50' },
                                    ticks: { color: '#2c3e50' },
                                    grid: { color: 'rgba(44, 62, 80, 0.2)' }
                                },
                                x: {
                                    ticks: { color: '#2c3e50' },
                                    grid: { color: 'rgba(44, 62, 80, 0.2)' }
                                }
                            }
                        }
                    });
                } catch (error) {
                    console.error('Erro ao criar gráfico de tempo de entrega:', error);
                }
            }

            // Pedidos recentes com filtros
            async loadPedidosRecentes() {
                try {
                    const query = this.buildFilterQuery();
                    const response = await fetch(`/dashboard/api/recentes-pedidos?${query}`);
                    const data = await response.json();

                    const tbody = document.getElementById('tabela-pedidos');
                    if (tbody) {
                        tbody.innerHTML = '';

                        if (data && data.length > 0) {
                            data.forEach(pedido => {
                                const tr = document.createElement('tr');
                                tr.innerHTML = `
                            <td><strong>#${pedido.id}</strong></td>
                            <td>${pedido.clienteNome}</td>
                            <td>${new Date(pedido.dataRequisicao).toLocaleDateString('pt-BR')}</td>
                            <td>R$ ${pedido.valorTotal ? pedido.valorTotal.toLocaleString('pt-BR', { minimumFractionDigits: 2, maximumFractionDigits: 2 }) : '0,00'}</td>
                            <td>${pedido.dataEntrega ? new Date(pedido.dataEntrega).toLocaleDateString('pt-BR') : 'Não definida'}</td>
                        `;
                                tbody.appendChild(tr);
                            });
                        } else {
                            tbody.innerHTML = '<tr><td colspan="5" class="text-center">Nenhum pedido encontrado para os filtros aplicados</td></tr>';
                        }
                    }
                } catch (error) {
                    console.error('Erro ao carregar pedidos recentes:', error);
                    const tbody = document.getElementById('tabela-pedidos');
                    if (tbody) {
                        tbody.innerHTML = '<tr><td colspan="5" class="text-center">Erro ao carregar dados</td></tr>';
                    }
                }
            }

            // Modal
            showModal(title, content) {
                const modalTitle = document.getElementById('detalheModalLabel');
                const modalBody = document.getElementById('detalheModalBody');

                if (modalTitle && modalBody) {
                    modalTitle.textContent = title;
                    modalBody.innerHTML = content;
                    const modal = new bootstrap.Modal(document.getElementById('detalheModal'));
                    modal.show();
                }
            }
        }

        // Inicializar quando a página carregar
        document.addEventListener('DOMContentLoaded', () => {
            console.log('DOM carregado, inicializando dashboard...');

            // Função para tentar inicializar o dashboard
            function initDashboard() {
                if (typeof Chart !== 'undefined') {
                    console.log('Chart.js v' + Chart.version + ' disponível, iniciando dashboard...');
                    new DashboardStudioMuda();
                    return true;
                }
                return false;
            }

            // Tentar inicializar imediatamente
            if (!initDashboard()) {
                // Se não funcionou, aguardar um pouco mais
                console.log('Aguardando Chart.js carregar...');
                setTimeout(() => {
                    if (!initDashboard()) {
                        console.error('Chart.js não pôde ser carregado após múltiplas tentativas');
                    }
                }, 500);
            }
        });
    </script>
</body>

</html>
    Forwarded URL = null
   Redirected URL = null
          Cookies = []
]]></system-out>
  </testcase>
  <testcase name="deveRedirecionarParaLoginQuandoNaoAutenticado" classname="com.studiomuda.estoque.config.SecurityConfigTest" time="0.002"/>
  <testcase name="deveBloquearAcessoCuponsParaAuxiliar" classname="com.studiomuda.estoque.config.SecurityConfigTest" time="0.223">
    <failure message="Status expected:&lt;403&gt; but was:&lt;200&gt;" type="java.lang.AssertionError"><![CDATA[java.lang.AssertionError: Status expected:<403> but was:<200>
	at com.studiomuda.estoque.config.SecurityConfigTest.deveBloquearAcessoCuponsParaAuxiliar(SecurityConfigTest.java:48)
]]></failure>
    <system-out><![CDATA[
MockHttpServletRequest:
      HTTP Method = GET
      Request URI = /cupons
       Parameters = {}
          Headers = []
             Body = null
    Session Attrs = {SPRING_SECURITY_CONTEXT=SecurityContextImpl [Authentication=UsernamePasswordAuthenticationToken [Principal=org.springframework.security.core.userdetails.User [Username=user, Password=[PROTECTED], Enabled=true, AccountNonExpired=true, credentialsNonExpired=true, AccountNonLocked=true, Granted Authorities=[ROLE_AUXILIAR]], Credentials=[PROTECTED], Authenticated=true, Details=null, Granted Authorities=[ROLE_AUXILIAR]]]}

Handler:
             Type = com.studiomuda.estoque.controller.CupomController
           Method = com.studiomuda.estoque.controller.CupomController#listarCupons(Model)

Async:
    Async started = false
     Async result = null

Resolved Exception:
             Type = null

ModelAndView:
        View name = cupons/lista
             View = null
        Attribute = cupons
            value = []

FlashMap:
       Attributes = null

MockHttpServletResponse:
           Status = 200
    Error message = null
          Headers = [Content-Language:"en", Content-Type:"text/html;charset=UTF-8", X-Content-Type-Options:"nosniff", X-XSS-Protection:"1; mode=block", Cache-Control:"no-cache, no-store, max-age=0, must-revalidate", Pragma:"no-cache", Expires:"0", X-Frame-Options:"DENY"]
     Content type = text/html;charset=UTF-8
             Body = <!DOCTYPE html>
<html>
<head>
    <meta charset="UTF-8">
    <meta name="viewport" content="width=device-width, initial-scale=1.0">
    <title>Sistema de Gestão - Studio Muda | Paisagismo & Plantas Preservadas</title>
    <meta name="description" content="Sistema de gestão para Studio Muda - Especialistas em paisagismo e plantas preservadas que não morrem">
    <link rel="preconnect" href="https://fonts.googleapis.com">
    <link rel="preconnect" href="https://fonts.gstatic.com" crossorigin>
    <link href="https://fonts.googleapis.com/css2?family=Inter:wght@300;400;500;600;700&family=Playfair+Display:wght@400;500;600;700&display=swap" rel="stylesheet">
    <link href="https://cdn.jsdelivr.net/npm/bootstrap@5.3.0-alpha1/dist/css/bootstrap.min.css" rel="stylesheet">
    <link rel="stylesheet" href="https://cdn.jsdelivr.net/npm/bootstrap-icons@1.10.3/font/bootstrap-icons.css">
    <link rel="stylesheet" href="/css/style.css">
    <link rel="stylesheet" href="https://cdnjs.cloudflare.com/ajax/libs/animate.css/4.1.1/animate.min.css">
    <script src="https://cdn.jsdelivr.net/npm/chart.js@3.9.1/dist/chart.min.js"></script>
</head>
<body>
    <nav class="navbar navbar-expand-lg app-navbar">
        <div class="container-fluid px-4">
            <a class="navbar-brand studio-muda-brand" href="/">
                <img src="/css/muda 10.png" alt="Studio Muda - & Plantas Preservadas" class="brand-logo">
            </a>

            <button class="navbar-toggler" type="button" data-bs-toggle="collapse" data-bs-target="#navbarNav" aria-controls="navbarNav" aria-expanded="false" aria-label="Toggle navigation">
                <span class="navbar-toggler-icon"></span>
            </button>
            <div class="collapse navbar-collapse" id="navbarNav">
                <ul class="navbar-nav app-nav ms-auto align-items-lg-center">
                    <li class="nav-item">
                        <a class="nav-link" href="/"><i class="bi bi-house-heart-fill me-2"></i>Home</a>
                    </li>

                    <li class="nav-item dropdown">
                        <a class="nav-link dropdown-toggle" href="#" id="catalogoDropdown" role="button" data-bs-toggle="dropdown" aria-expanded="false">
                            <i class="bi bi-grid-3x3-gap-fill me-2"></i>Catálogo
                        </a>
                        <ul class="dropdown-menu" aria-labelledby="catalogoDropdown">
                            <li>
                                <a class="dropdown-item" href="/produtos">
                                    <i class="bi bi-flower2 me-2"></i>Produtos
                                </a>
                            </li>
                            <li>
                                <a class="dropdown-item" href="/cupons">
                                    <i class="bi bi-gift-fill me-2"></i>Cupons
                                </a>
                            </li>
                        </ul>
                    </li>

                    <li class="nav-item dropdown">
                        <a class="nav-link dropdown-toggle" href="#" id="operacaoDropdown" role="button" data-bs-toggle="dropdown" aria-expanded="false">
                            <i class="bi bi-boxes me-2"></i>Operação
                        </a>
                        <ul class="dropdown-menu" aria-labelledby="operacaoDropdown">
                            <li>
                                <a class="dropdown-item" href="/pedidos">
                                    <i class="bi bi-basket3-fill me-2"></i>Pedidos
                                </a>
                            </li>
                            <li>
                                <a class="dropdown-item" href="/estoque">
                                    <i class="bi bi-arrow-repeat me-2"></i>Estoque
                                </a>
                            </li>
                            <li>
                                <a class="dropdown-item" href="/suprimentos">
                                    <i class="bi bi-truck-front-fill me-2"></i>Suprimentos
                                </a>
                            </li>
                            <li>
                                <a class="dropdown-item" href="/remessas">
                                    <i class="bi bi-signpost-split-fill me-2"></i>Remessas
                                </a>
                            </li>
                        </ul>
                    </li>

                    <li class="nav-item dropdown">
                        <a class="nav-link dropdown-toggle" href="#" id="pessoasDropdown" role="button" data-bs-toggle="dropdown" aria-expanded="false">
                            <i class="bi bi-people-fill me-2"></i>Pessoas
                        </a>
                        <ul class="dropdown-menu" aria-labelledby="pessoasDropdown">
                            <li>
                                <a class="dropdown-item" href="/clientes">
                                    <i class="bi bi-people-fill me-2"></i>Clientes
                                </a>
                            </li>
                            <li>
                                <a class="dropdown-item" href="/funcionarios">
                                    <i class="bi bi-person-badge-fill me-2"></i>Equipe
                                </a>
                            </li>
                        </ul>
                    </li>

                    <li class="nav-item dropdown">
                        <a class="nav-link dropdown-toggle" href="#" id="financeiroDropdown" role="button" data-bs-toggle="dropdown" aria-expanded="false">
                            <i class="bi bi-cash-stack me-2"></i>Financeiro
                        </a>
                        <ul class="dropdown-menu" aria-labelledby="financeiroDropdown">
                            <li>
                                <a class="dropdown-item" href="/financeiro/relatorios">
                                    <i class="bi bi-file-earmark-bar-graph me-2"></i>Relatórios
                                </a>
                            </li>
                            <li>
                                <a class="dropdown-item" href="/financeiro/templates">
                                    <i class="bi bi-layout-text-window-reverse me-2"></i>Templates
                                </a>
                            </li>
                            <li>
                                <a class="dropdown-item" href="/financeiro/categorias">
                                    <i class="bi bi-tags me-2"></i>Categorias
                                </a>
                            </li>
                            <li>
                                <a class="dropdown-item" href="/financeiro/ajustes">
                                    <i class="bi bi-pencil-square me-2"></i>Ajustes Manuais
                                </a>
                            </li>
                        </ul>
                    </li>

                    <li class="nav-item dropdown">
                        <a class="nav-link dropdown-toggle" href="#" id="acessoDropdown" role="button" data-bs-toggle="dropdown" aria-expanded="false">
                            <i class="bi bi-shield-lock-fill me-2"></i>Segurança
                        </a>
                        <ul class="dropdown-menu" aria-labelledby="acessoDropdown">
                            <li>
                                <a class="dropdown-item" href="/acesso/perfis">
                                    <i class="bi bi-person-badge-fill me-2"></i>Perfis
                                </a>
                            </li>
                            <li>
                                <a class="dropdown-item" href="/acesso/permissoes">
                                    <i class="bi bi-grid-3x3-gap-fill me-2"></i>Permissões
                                </a>
                            </li>
                            <li>
                                <a class="dropdown-item" href="/acesso/usuarios">
                                    <i class="bi bi-person-lock me-2"></i>Usuários
                                </a>
                            </li>
                            <li>
                                <a class="dropdown-item" href="/acesso/logs">
                                    <i class="bi bi-journal-text me-2"></i>Logs de acesso
                                </a>
                            </li>
                        </ul>
                    </li>

                    <li class="nav-item">
                        <a class="nav-link dashboard-link" href="/dashboard">
                            <i class="bi bi-graph-up-arrow me-2"></i>Dashboard
                        </a>
                    </li>

                    <li class="nav-item dropdown">
                        <a class="nav-link dropdown-toggle account-toggle" href="#" id="contaDropdown" role="button" data-bs-toggle="dropdown" aria-expanded="false">
                            <i class="bi bi-person-circle me-2"></i>
                            <span>user</span>
                        </a>
                        <ul class="dropdown-menu dropdown-menu-end account-menu" aria-labelledby="contaDropdown">
                            <li>
                                <span class="dropdown-header">
                                    <i class="bi bi-shield-check me-2"></i>Conta ativa
                                </span>
                            </li>
                            <li>
                                <span class="dropdown-item-text fw-semibold">user</span>
                            </li>
                            <li><hr class="dropdown-divider"></li>
                            <li>
                                <form action="/logout" method="post">
                                    <button type="submit" class="dropdown-item">
                                        <i class="bi bi-arrow-repeat me-2"></i>Trocar conta
                                    </button>
                                </form>
                            </li>
                            <li>
                                <form action="/logout" method="post">
                                    <button type="submit" class="dropdown-item text-danger">
                                        <i class="bi bi-box-arrow-right me-2"></i>Sair
                                    </button>
                                </form>
                            </li>
                        </ul>
                    </li>

                    
                </ul>
            </div>
        </div>
    </nav>
    
    <!-- Page Header -->
    <div class="page-header">
        <div class="container">
            <div class="row align-items-center">
                <div class="col-md-8">
                    <h1 class="page-title">
                        <i class="bi bi-percent me-3"></i>
                        <span>Gestão de Cupons</span>
                    </h1>
                    <p class="page-subtitle">Gerencie cupons de desconto e promoções</p>
                </div>
                <div class="col-md-4 text-end">
                    <div class="btn-group me-2">
                        <a href="/cupons/validos" class="btn btn-outline-success">
                            <i class="bi bi-check-circle me-2"></i>Ver Válidos
                        </a>
                        
                    </div>
                    <a href="/cupons/novo" class="btn btn-primary btn-lg">
                        <i class="bi bi-plus-circle me-2"></i>
                        Novo Cupom
                    </a>
                </div>
            </div>
        </div>
    </div>

    <div class="container py-4">
        <!-- Search and Filter Section -->
        <div class="card mb-4">
            <div class="card-body">
                <div class="row g-3">
                    <div class="col-md-4">
                        <div class="search-box">
                            <i class="bi bi-search"></i>
                            <input type="text" class="form-control" placeholder="Buscar cupons..." id="searchInput">
                        </div>
                    </div>
                    <div class="col-md-3">
                        <select class="form-select" id="statusFilter">
                            <option value="">Todos os status</option>
                            <option value="valido">Válidos</option>
                            <option value="expirado">Expirados</option>
                        </select>
                    </div>
                    <div class="col-md-3">
                        <input type="date" class="form-control" placeholder="Data de validade" id="dateFilter">
                    </div>
                    <div class="col-md-2">
                        <div class="btn-group w-100">
                            <button class="btn btn-outline-secondary" title="Exportar">
                                <i class="bi bi-download"></i>
                            </button>
                            <button class="btn btn-outline-secondary" title="Imprimir">
                                <i class="bi bi-printer"></i>
                            </button>
                        </div>
                    </div>
                </div>
            </div>
        </div>
        
        <!-- Empty State -->
        <div class="empty-state">
            <div class="empty-state-icon">
                <i class="bi bi-percent"></i>
            </div>
            <h3>Nenhum cupom encontrado</h3>
            <p>Crie cupons de desconto para atrair mais clientes.</p>
            <a href="/cupons/novo" class="btn btn-primary">
                <i class="bi bi-plus-circle me-2"></i>
                Criar Primeiro Cupom
            </a>
        </div>
        
        <!-- Table Section -->
        
    </div>
    
    <footer class="footer">
        <div class="container">
            <div class="footer-content">
                <div class="row align-items-center">
                    <div class="col-md-4 text-center text-md-start">
                        <div class="footer-brand">
                            <img src="/css/Logo Insta Branca.png" alt="Studio Muda" class="footer-logo">
                            <div class="footer-brand-text ms-3">
                                <div class="footer-brand-name">Studio Muda</div>
                                <small class="footer-brand-tagline">Paisagismo & Plantas Preservadas</small>
                            </div>
                        </div>
                    </div>
                    <div class="col-md-4 text-center my-3 my-md-0">
                        <p class="footer-text">© 2025 Studio Muda</p>
                        <small class="footer-slogan">Transformando espaços com vida eterna</small>
                    </div>
                    <div class="col-md-4 text-center text-md-end">
                        <div class="social-icons">
                            <a href="https://www.instagram.com/lojastudiomuda/" target="_blank" class="social-link instagram-link" title="Siga-nos no Instagram">
                                <i class="bi bi-instagram"></i>
                            </a>
                            <a href="#" class="social-link facebook-link" title="Curta nossa página no Facebook">
                                <i class="bi bi-facebook"></i>
                            </a>
                            <a href="#" class="social-link whatsapp-link" title="Fale conosco no WhatsApp">
                                <i class="bi bi-whatsapp"></i>
                            </a>
                        </div>
                    </div>
                </div>
            </div>
        </div>
    </footer>
    <div>
        <script src="https://cdn.jsdelivr.net/npm/bootstrap@5.3.0-alpha1/dist/js/bootstrap.bundle.min.js"></script>
        <script src="https://cdn.jsdelivr.net/npm/sweetalert2@11"></script>
        <script src="/js/delete-functions.js"></script>
        <script src="/js/ui-effects.js"></script>
        <script src="/js/filtros-universais.js"></script>
        
        <!-- Studio Muda Enhanced Effects -->
        <script>
            // Smooth scroll for better UX
            document.querySelectorAll('a[href^="#"]').forEach(anchor => {
                anchor.addEventListener('click', function (e) {
                    e.preventDefault();
                    document.querySelector(this.getAttribute('href')).scrollIntoView({
                        behavior: 'smooth'
                    });
                });
            });

            // Add animation classes on scroll
            const observerOptions = {
                threshold: 0.1,
                rootMargin: '0px 0px -50px 0px'
            };

            const observer = new IntersectionObserver((entries) => {
                entries.forEach(entry => {
                    if (entry.isIntersecting) {
                        entry.target.classList.add('fade-in-up');
                    }
                });
            }, observerOptions);

            // Observe cards, forms, and tables
            document.querySelectorAll('.card, .form-group, .table-container, .stats-card').forEach(el => {
                observer.observe(el);
            });

            // Enhanced loading states
            window.addEventListener('beforeunload', function() {
                document.body.style.opacity = '0.7';
            });

            // Navbar scroll effect - mantendo o design Studio Muda
            window.addEventListener('scroll', function() {
                const navbar = document.querySelector('.navbar');
                if (window.scrollY > 50) {
                    navbar.classList.add('scrolled');
                } else {
                    navbar.classList.remove('scrolled');
                }
            });
        </script>
    </div>
    
    <!-- Search and Filters -->
    <div class="filters-container">
        <form method="get" action="/cupons" class="row g-3" id="filtrosFormCupons">
            <div class="col-md-4">
                <div class="search-box">
                    <i class="search-icon bi bi-search"></i>
                    <input type="text" class="search-input" placeholder="Buscar cupons..." id="searchInput" name="codigo" value="">
                </div>
            </div>
            <div class="col-md-4">
                <select class="form-select" id="statusFilter" name="status">
                    <option value="">Todos</option>
                    <option value="valido">Válido</option>
                    <option value="expirado">Expirado</option>
                </select>
            </div>
            <div class="col-md-2">
                <button type="submit" class="btn btn-primary w-100">
                    <i class="bi bi-search me-1"></i>Filtrar
                </button>
            </div>
        </form>
    </div>
    <script>
    document.addEventListener('DOMContentLoaded', function() {
        fetch('/cupons/filtros')
            .then(resp => resp.json())
            .then(data => {
                // Status
                const statusSelect = document.getElementById('statusFilter');
                if (statusSelect && data.status) {
                    data.status.forEach(status => {
                        const opt = document.createElement('option');
                        opt.value = status;
                        opt.textContent = status.charAt(0).toUpperCase() + status.slice(1).toLowerCase();
                        if (status === "${filtroStatus}") opt.selected = true;
                        statusSelect.appendChild(opt);
                    });
                }
            });
    });
    </script>
</body>
</html>

    Forwarded URL = null
   Redirected URL = null
          Cookies = []
]]></system-out>
  </testcase>
</testsuite>