<?xml version="1.0" encoding="UTF-8"?>
<testsuite xmlns:xsi="http://www.w3.org/2001/XMLSchema-instance" xsi:noNamespaceSchemaLocation="https://maven.apache.org/surefire/maven-surefire-plugin/xsd/surefire-test-report.xsd" name="CucumberTest" time="8.338" tests="20" errors="0" skipped="0" failures="7">
  <properties>
[...]
</properties>
  <testcase name="Classificação dinâmica de Cliente VIP" classname="com.studiomuda.estoque.bdd.CucumberTest" time="0.225"/>
  <testcase name="Bloqueio de cliente com faturas em atraso" classname="com.studiomuda.estoque.bdd.CucumberTest" time="0.063"/>
  <testcase name="Bloqueio por capacidade excedida com sugestao de janela alternativa" classname="com.studiomuda.estoque.bdd.CucumberTest" time="1.45"/>
  <testcase name="Usuario anonimo e enviado para login ao acessar area protegida" classname="com.studiomuda.estoque.bdd.CucumberTest" time="0.086"/>
  <testcase name="Example #1.1" classname="com.studiomuda.estoque.bdd.CucumberTest" time="1.057">
    <failure message="&#10;Expected: &quot;/&quot;&#10;     but: was &quot;/login?error=true&quot;" type="java.lang.AssertionError">java.lang.AssertionError: 

Expected: "/"
     but: was "/login?error=true"
</failure>
    <system-out><![CDATA[2026-05-25 14:46:40.362  INFO 20432 --- [           main] .b.t.c.SpringBootTestContextBootstrapper : Neither @ContextConfiguration nor @ContextHierarchy found for test class [com.studiomuda.estoque.bdd.CucumberSpringConfiguration], using SpringBootContextLoader
2026-05-25 14:46:40.362  INFO 20432 --- [           main] o.s.t.c.support.AbstractContextLoader    : Could not detect default resource locations for test class [com.studiomuda.estoque.bdd.CucumberSpringConfiguration]: no resource found for suffixes {-context.xml, Context.groovy}.
2026-05-25 14:46:40.363  INFO 20432 --- [           main] t.c.s.AnnotationConfigContextLoaderUtils : Could not detect default configuration classes for test class [com.studiomuda.estoque.bdd.CucumberSpringConfiguration]: CucumberSpringConfiguration does not declare any static, non-private, non-final, nested classes annotated with @Configuration.
2026-05-25 14:46:40.377  INFO 20432 --- [           main] .b.t.c.SpringBootTestContextBootstrapper : Found @SpringBootConfiguration com.studiomuda.estoque.EstoqueApplication for test class com.studiomuda.estoque.bdd.CucumberSpringConfiguration
2026-05-25 14:46:40.380  INFO 20432 --- [           main] .b.t.c.SpringBootTestContextBootstrapper : Loaded default TestExecutionListener class names from location [META-INF/spring.factories]: [org.springframework.boot.test.mock.mockito.MockitoTestExecutionListener, org.springframework.boot.test.mock.mockito.ResetMocksTestExecutionListener, org.springframework.boot.test.autoconfigure.restdocs.RestDocsTestExecutionListener, org.springframework.boot.test.autoconfigure.web.client.MockRestServiceServerResetTestExecutionListener, org.springframework.boot.test.autoconfigure.web.servlet.MockMvcPrintOnlyOnFailureTestExecutionListener, org.springframework.boot.test.autoconfigure.web.servlet.WebDriverTestExecutionListener, org.springframework.boot.test.autoconfigure.webservices.client.MockWebServiceServerTestExecutionListener, org.springframework.test.context.web.ServletTestExecutionListener, org.springframework.test.context.support.DirtiesContextBeforeModesTestExecutionListener, org.springframework.test.context.event.ApplicationEventsTestExecutionListener, org.springframework.test.context.support.DependencyInjectionTestExecutionListener, org.springframework.test.context.support.DirtiesContextTestExecutionListener, org.springframework.test.context.transaction.TransactionalTestExecutionListener, org.springframework.test.context.jdbc.SqlScriptsTestExecutionListener, org.springframework.test.context.event.EventPublishingTestExecutionListener, org.springframework.security.test.context.support.WithSecurityContextTestExecutionListener, org.springframework.security.test.context.support.ReactorContextTestExecutionListener]
2026-05-25 14:46:40.391  INFO 20432 --- [           main] .b.t.c.SpringBootTestContextBootstrapper : Using TestExecutionListeners: [org.springframework.test.context.web.ServletTestExecutionListener@59aba3c3, org.springframework.test.context.support.DirtiesContextBeforeModesTestExecutionListener@4693d24f, org.springframework.test.context.event.ApplicationEventsTestExecutionListener@236a3e4, org.springframework.boot.test.mock.mockito.MockitoTestExecutionListener@2987b699, org.springframework.boot.test.autoconfigure.SpringBootDependencyInjectionTestExecutionListener@2d36add1, org.springframework.test.context.support.DirtiesContextTestExecutionListener@75ef1392, org.springframework.test.context.event.EventPublishingTestExecutionListener@4271b748, org.springframework.security.test.context.support.WithSecurityContextTestExecutionListener@56d6e2e1, org.springframework.security.test.context.support.ReactorContextTestExecutionListener@4e9695cf, org.springframework.boot.test.mock.mockito.ResetMocksTestExecutionListener@43e86c0c, org.springframework.boot.test.autoconfigure.restdocs.RestDocsTestExecutionListener@c6c58ce, org.springframework.boot.test.autoconfigure.web.client.MockRestServiceServerResetTestExecutionListener@6d4c7248, org.springframework.boot.test.autoconfigure.web.servlet.MockMvcPrintOnlyOnFailureTestExecutionListener@178ebac3, org.springframework.boot.test.autoconfigure.web.servlet.WebDriverTestExecutionListener@17063c32, org.springframework.boot.test.autoconfigure.webservices.client.MockWebServiceServerTestExecutionListener@79c2bc34]

Esquema do Cenario: Login de usuarios configurados em memoria    &amp#27;[90m# features/seguranca.feature:18&amp#27;[0m
  &amp#27;[32mQuando &amp#27;[0m&amp#27;[32menvio login com usuario &amp#27;[0m&amp#27;[32m&amp#27;[1m"diretor"&amp#27;[0m&amp#27;[32m e senha &amp#27;[0m&amp#27;[32m&amp#27;[1m"Diretor@123"&amp#27;[0m &amp#27;[90m# com.studiomuda.estoque.bdd.SegurancaStepDefinitions.envioLoginComUsuarioESenha(java.lang.String,java.lang.String)&amp#27;[0m
  &amp#27;[31mEntao &amp#27;[0m&amp#27;[31msou redirecionado para &amp#27;[0m&amp#27;[31m&amp#27;[1m"/"&amp#27;[0m                               &amp#27;[90m# com.studiomuda.estoque.bdd.SegurancaStepDefinitions.souRedirecionadoPara(java.lang.String)&amp#27;[0m
      &amp#27;[31mjava.lang.AssertionError: 
Expected: "/"
     but: was "/login?error=true"
	at org.hamcrest.MatcherAssert.assertThat(MatcherAssert.java:20)
	at org.hamcrest.MatcherAssert.assertThat(MatcherAssert.java:6)
	at com.studiomuda.estoque.bdd.SegurancaStepDefinitions.souRedirecionadoPara(SegurancaStepDefinitions.java:67)
	at ✽.sou redirecionado para "/"(classpath:features/seguranca.feature:14)
&amp#27;[0m
]]></system-out>
  </testcase>
  <testcase name="Example #1.1" classname="com.studiomuda.estoque.bdd.CucumberTest" time="0.055"/>
  <testcase name="Example #1.1" classname="com.studiomuda.estoque.bdd.CucumberTest" time="0.133">
    <failure message="&#10;Expected: &lt;403&gt;&#10;     but: was &lt;200&gt;" type="java.lang.AssertionError"><![CDATA[java.lang.AssertionError: 

Expected: <403>
     but: was <200>
]]></failure>
    <system-out><![CDATA[2026-05-25 14:46:44.328  INFO 20432 --- [           main] .b.t.c.SpringBootTestContextBootstrapper : Neither @ContextConfiguration nor @ContextHierarchy found for test class [com.studiomuda.estoque.bdd.CucumberSpringConfiguration], using SpringBootContextLoader
2026-05-25 14:46:44.329  INFO 20432 --- [           main] o.s.t.c.support.AbstractContextLoader    : Could not detect default resource locations for test class [com.studiomuda.estoque.bdd.CucumberSpringConfiguration]: no resource found for suffixes {-context.xml, Context.groovy}.
2026-05-25 14:46:44.330  INFO 20432 --- [           main] t.c.s.AnnotationConfigContextLoaderUtils : Could not detect default configuration classes for test class [com.studiomuda.estoque.bdd.CucumberSpringConfiguration]: CucumberSpringConfiguration does not declare any static, non-private, non-final, nested classes annotated with @Configuration.
2026-05-25 14:46:44.341  INFO 20432 --- [           main] .b.t.c.SpringBootTestContextBootstrapper : Found @SpringBootConfiguration com.studiomuda.estoque.EstoqueApplication for test class com.studiomuda.estoque.bdd.CucumberSpringConfiguration
2026-05-25 14:46:44.343  INFO 20432 --- [           main] .b.t.c.SpringBootTestContextBootstrapper : Loaded default TestExecutionListener class names from location [META-INF/spring.factories]: [org.springframework.boot.test.mock.mockito.MockitoTestExecutionListener, org.springframework.boot.test.mock.mockito.ResetMocksTestExecutionListener, org.springframework.boot.test.autoconfigure.restdocs.RestDocsTestExecutionListener, org.springframework.boot.test.autoconfigure.web.client.MockRestServiceServerResetTestExecutionListener, org.springframework.boot.test.autoconfigure.web.servlet.MockMvcPrintOnlyOnFailureTestExecutionListener, org.springframework.boot.test.autoconfigure.web.servlet.WebDriverTestExecutionListener, org.springframework.boot.test.autoconfigure.webservices.client.MockWebServiceServerTestExecutionListener, org.springframework.test.context.web.ServletTestExecutionListener, org.springframework.test.context.support.DirtiesContextBeforeModesTestExecutionListener, org.springframework.test.context.event.ApplicationEventsTestExecutionListener, org.springframework.test.context.support.DependencyInjectionTestExecutionListener, org.springframework.test.context.support.DirtiesContextTestExecutionListener, org.springframework.test.context.transaction.TransactionalTestExecutionListener, org.springframework.test.context.jdbc.SqlScriptsTestExecutionListener, org.springframework.test.context.event.EventPublishingTestExecutionListener, org.springframework.security.test.context.support.WithSecurityContextTestExecutionListener, org.springframework.security.test.context.support.ReactorContextTestExecutionListener]
2026-05-25 14:46:44.376  INFO 20432 --- [           main] .b.t.c.SpringBootTestContextBootstrapper : Using TestExecutionListeners: [org.springframework.test.context.web.ServletTestExecutionListener@34fcc5e3, org.springframework.test.context.support.DirtiesContextBeforeModesTestExecutionListener@737445ab, org.springframework.test.context.event.ApplicationEventsTestExecutionListener@3c9cfcde, org.springframework.boot.test.mock.mockito.MockitoTestExecutionListener@2f3c7b24, org.springframework.boot.test.autoconfigure.SpringBootDependencyInjectionTestExecutionListener@7dbd70fd, org.springframework.test.context.support.DirtiesContextTestExecutionListener@2cb53bfc, org.springframework.test.context.event.EventPublishingTestExecutionListener@779448b8, org.springframework.security.test.context.support.WithSecurityContextTestExecutionListener@3bbdf835, org.springframework.security.test.context.support.ReactorContextTestExecutionListener@2d114d27, org.springframework.boot.test.mock.mockito.ResetMocksTestExecutionListener@28fef9a2, org.springframework.boot.test.autoconfigure.restdocs.RestDocsTestExecutionListener@7dfab58d, org.springframework.boot.test.autoconfigure.web.client.MockRestServiceServerResetTestExecutionListener@29d29657, org.springframework.boot.test.autoconfigure.web.servlet.MockMvcPrintOnlyOnFailureTestExecutionListener@e0d9e3f, org.springframework.boot.test.autoconfigure.web.servlet.WebDriverTestExecutionListener@516155b5, org.springframework.boot.test.autoconfigure.webservices.client.MockWebServiceServerTestExecutionListener@799fc4c9]

Esquema do Cenario: Acesso bloqueado por papel        &amp#27;[90m# features/seguranca.feature:48&amp#27;[0m
  &amp#27;[32mDado &amp#27;[0m&amp#27;[32mque estou autenticado com o papel &amp#27;[0m&amp#27;[32m&amp#27;[1m"ESTOQUISTA"&amp#27;[0m &amp#27;[90m# com.studiomuda.estoque.bdd.SegurancaStepDefinitions.queEstouAutenticadoComOPapel(java.lang.String)&amp#27;[0m
  &amp#27;[32mQuando &amp#27;[0m&amp#27;[32mconsulto a permissao da rota &amp#27;[0m&amp#27;[32m&amp#27;[1m"/dashboard"&amp#27;[0m    &amp#27;[90m# com.studiomuda.estoque.bdd.SegurancaStepDefinitions.consultoAPermissaoDaRota(java.lang.String)&amp#27;[0m
  &amp#27;[31mEntao &amp#27;[0m&amp#27;[31mo acesso e bloqueado&amp#27;[0m                          &amp#27;[90m# com.studiomuda.estoque.bdd.SegurancaStepDefinitions.oAcessoEBloqueado()&amp#27;[0m
      &amp#27;[31mjava.lang.AssertionError: 
Expected: <403>
     but: was <200>
	at org.hamcrest.MatcherAssert.assertThat(MatcherAssert.java:20)
	at org.hamcrest.MatcherAssert.assertThat(MatcherAssert.java:6)
	at com.studiomuda.estoque.bdd.SegurancaStepDefinitions.oAcessoEBloqueado(SegurancaStepDefinitions.java:83)
	at ✽.o acesso e bloqueado(classpath:features/seguranca.feature:44)
&amp#27;[0m
]]></system-out>
  </testcase>
  <testcase name="Example #1.2" classname="com.studiomuda.estoque.bdd.CucumberTest" time="0.508">
    <failure message="&#10;Expected: &quot;/&quot;&#10;     but: was &quot;/login?error=true&quot;" type="java.lang.AssertionError">java.lang.AssertionError: 

Expected: "/"
     but: was "/login?error=true"
</failure>
    <system-out><![CDATA[2026-05-25 14:46:41.320  INFO 20432 --- [           main] .b.t.c.SpringBootTestContextBootstrapper : Neither @ContextConfiguration nor @ContextHierarchy found for test class [com.studiomuda.estoque.bdd.CucumberSpringConfiguration], using SpringBootContextLoader
2026-05-25 14:46:41.321  INFO 20432 --- [           main] o.s.t.c.support.AbstractContextLoader    : Could not detect default resource locations for test class [com.studiomuda.estoque.bdd.CucumberSpringConfiguration]: no resource found for suffixes {-context.xml, Context.groovy}.
2026-05-25 14:46:41.321  INFO 20432 --- [           main] t.c.s.AnnotationConfigContextLoaderUtils : Could not detect default configuration classes for test class [com.studiomuda.estoque.bdd.CucumberSpringConfiguration]: CucumberSpringConfiguration does not declare any static, non-private, non-final, nested classes annotated with @Configuration.
2026-05-25 14:46:41.325  INFO 20432 --- [           main] .b.t.c.SpringBootTestContextBootstrapper : Found @SpringBootConfiguration com.studiomuda.estoque.EstoqueApplication for test class com.studiomuda.estoque.bdd.CucumberSpringConfiguration
2026-05-25 14:46:41.328  INFO 20432 --- [           main] .b.t.c.SpringBootTestContextBootstrapper : Loaded default TestExecutionListener class names from location [META-INF/spring.factories]: [org.springframework.boot.test.mock.mockito.MockitoTestExecutionListener, org.springframework.boot.test.mock.mockito.ResetMocksTestExecutionListener, org.springframework.boot.test.autoconfigure.restdocs.RestDocsTestExecutionListener, org.springframework.boot.test.autoconfigure.web.client.MockRestServiceServerResetTestExecutionListener, org.springframework.boot.test.autoconfigure.web.servlet.MockMvcPrintOnlyOnFailureTestExecutionListener, org.springframework.boot.test.autoconfigure.web.servlet.WebDriverTestExecutionListener, org.springframework.boot.test.autoconfigure.webservices.client.MockWebServiceServerTestExecutionListener, org.springframework.test.context.web.ServletTestExecutionListener, org.springframework.test.context.support.DirtiesContextBeforeModesTestExecutionListener, org.springframework.test.context.event.ApplicationEventsTestExecutionListener, org.springframework.test.context.support.DependencyInjectionTestExecutionListener, org.springframework.test.context.support.DirtiesContextTestExecutionListener, org.springframework.test.context.transaction.TransactionalTestExecutionListener, org.springframework.test.context.jdbc.SqlScriptsTestExecutionListener, org.springframework.test.context.event.EventPublishingTestExecutionListener, org.springframework.security.test.context.support.WithSecurityContextTestExecutionListener, org.springframework.security.test.context.support.ReactorContextTestExecutionListener]
2026-05-25 14:46:41.332  INFO 20432 --- [           main] .b.t.c.SpringBootTestContextBootstrapper : Using TestExecutionListeners: [org.springframework.test.context.web.ServletTestExecutionListener@25a2c4dc, org.springframework.test.context.support.DirtiesContextBeforeModesTestExecutionListener@29d81c22, org.springframework.test.context.event.ApplicationEventsTestExecutionListener@18d396eb, org.springframework.boot.test.mock.mockito.MockitoTestExecutionListener@2bee1c13, org.springframework.boot.test.autoconfigure.SpringBootDependencyInjectionTestExecutionListener@1859b996, org.springframework.test.context.support.DirtiesContextTestExecutionListener@71098fb3, org.springframework.test.context.event.EventPublishingTestExecutionListener@75e92bb7, org.springframework.security.test.context.support.WithSecurityContextTestExecutionListener@2ebcbf9d, org.springframework.security.test.context.support.ReactorContextTestExecutionListener@7bfc36d5, org.springframework.boot.test.mock.mockito.ResetMocksTestExecutionListener@46b55a0e, org.springframework.boot.test.autoconfigure.restdocs.RestDocsTestExecutionListener@7abd75fc, org.springframework.boot.test.autoconfigure.web.client.MockRestServiceServerResetTestExecutionListener@31b67d61, org.springframework.boot.test.autoconfigure.web.servlet.MockMvcPrintOnlyOnFailureTestExecutionListener@2b66bf1c, org.springframework.boot.test.autoconfigure.web.servlet.WebDriverTestExecutionListener@47eff554, org.springframework.boot.test.autoconfigure.webservices.client.MockWebServiceServerTestExecutionListener@56ec6ac0]

Esquema do Cenario: Login de usuarios configurados em memoria      &amp#27;[90m# features/seguranca.feature:19&amp#27;[0m
  &amp#27;[32mQuando &amp#27;[0m&amp#27;[32menvio login com usuario &amp#27;[0m&amp#27;[32m&amp#27;[1m"auxiliar"&amp#27;[0m&amp#27;[32m e senha &amp#27;[0m&amp#27;[32m&amp#27;[1m"Auxiliar@123"&amp#27;[0m &amp#27;[90m# com.studiomuda.estoque.bdd.SegurancaStepDefinitions.envioLoginComUsuarioESenha(java.lang.String,java.lang.String)&amp#27;[0m
  &amp#27;[31mEntao &amp#27;[0m&amp#27;[31msou redirecionado para &amp#27;[0m&amp#27;[31m&amp#27;[1m"/"&amp#27;[0m                                 &amp#27;[90m# com.studiomuda.estoque.bdd.SegurancaStepDefinitions.souRedirecionadoPara(java.lang.String)&amp#27;[0m
      &amp#27;[31mjava.lang.AssertionError: 
Expected: "/"
     but: was "/login?error=true"
	at org.hamcrest.MatcherAssert.assertThat(MatcherAssert.java:20)
	at org.hamcrest.MatcherAssert.assertThat(MatcherAssert.java:6)
	at com.studiomuda.estoque.bdd.SegurancaStepDefinitions.souRedirecionadoPara(SegurancaStepDefinitions.java:67)
	at ✽.sou redirecionado para "/"(classpath:features/seguranca.feature:14)
&amp#27;[0m
]]></system-out>
  </testcase>
  <testcase name="Example #1.2" classname="com.studiomuda.estoque.bdd.CucumberTest" time="0.141"/>
  <testcase name="Example #1.2" classname="com.studiomuda.estoque.bdd.CucumberTest" time="0.061">
    <failure message="&#10;Expected: &lt;403&gt;&#10;     but: was &lt;200&gt;" type="java.lang.AssertionError"><![CDATA[java.lang.AssertionError: 

Expected: <403>
     but: was <200>
]]></failure>
    <system-out><![CDATA[2026-05-25 14:46:44.462  INFO 20432 --- [           main] .b.t.c.SpringBootTestContextBootstrapper : Neither @ContextConfiguration nor @ContextHierarchy found for test class [com.studiomuda.estoque.bdd.CucumberSpringConfiguration], using SpringBootContextLoader
2026-05-25 14:46:44.468  INFO 20432 --- [           main] o.s.t.c.support.AbstractContextLoader    : Could not detect default resource locations for test class [com.studiomuda.estoque.bdd.CucumberSpringConfiguration]: no resource found for suffixes {-context.xml, Context.groovy}.
2026-05-25 14:46:44.472  INFO 20432 --- [           main] t.c.s.AnnotationConfigContextLoaderUtils : Could not detect default configuration classes for test class [com.studiomuda.estoque.bdd.CucumberSpringConfiguration]: CucumberSpringConfiguration does not declare any static, non-private, non-final, nested classes annotated with @Configuration.
2026-05-25 14:46:44.484  INFO 20432 --- [           main] .b.t.c.SpringBootTestContextBootstrapper : Found @SpringBootConfiguration com.studiomuda.estoque.EstoqueApplication for test class com.studiomuda.estoque.bdd.CucumberSpringConfiguration
2026-05-25 14:46:44.489  INFO 20432 --- [           main] .b.t.c.SpringBootTestContextBootstrapper : Loaded default TestExecutionListener class names from location [META-INF/spring.factories]: [org.springframework.boot.test.mock.mockito.MockitoTestExecutionListener, org.springframework.boot.test.mock.mockito.ResetMocksTestExecutionListener, org.springframework.boot.test.autoconfigure.restdocs.RestDocsTestExecutionListener, org.springframework.boot.test.autoconfigure.web.client.MockRestServiceServerResetTestExecutionListener, org.springframework.boot.test.autoconfigure.web.servlet.MockMvcPrintOnlyOnFailureTestExecutionListener, org.springframework.boot.test.autoconfigure.web.servlet.WebDriverTestExecutionListener, org.springframework.boot.test.autoconfigure.webservices.client.MockWebServiceServerTestExecutionListener, org.springframework.test.context.web.ServletTestExecutionListener, org.springframework.test.context.support.DirtiesContextBeforeModesTestExecutionListener, org.springframework.test.context.event.ApplicationEventsTestExecutionListener, org.springframework.test.context.support.DependencyInjectionTestExecutionListener, org.springframework.test.context.support.DirtiesContextTestExecutionListener, org.springframework.test.context.transaction.TransactionalTestExecutionListener, org.springframework.test.context.jdbc.SqlScriptsTestExecutionListener, org.springframework.test.context.event.EventPublishingTestExecutionListener, org.springframework.security.test.context.support.WithSecurityContextTestExecutionListener, org.springframework.security.test.context.support.ReactorContextTestExecutionListener]
2026-05-25 14:46:44.490  INFO 20432 --- [           main] .b.t.c.SpringBootTestContextBootstrapper : Using TestExecutionListeners: [org.springframework.test.context.web.ServletTestExecutionListener@1a7437d8, org.springframework.test.context.support.DirtiesContextBeforeModesTestExecutionListener@6f695077, org.springframework.test.context.event.ApplicationEventsTestExecutionListener@5b31a9e3, org.springframework.boot.test.mock.mockito.MockitoTestExecutionListener@282240, org.springframework.boot.test.autoconfigure.SpringBootDependencyInjectionTestExecutionListener@3b590f6a, org.springframework.test.context.support.DirtiesContextTestExecutionListener@1e160a9e, org.springframework.test.context.event.EventPublishingTestExecutionListener@483ed60e, org.springframework.security.test.context.support.WithSecurityContextTestExecutionListener@9c5d76b, org.springframework.security.test.context.support.ReactorContextTestExecutionListener@7a14ab66, org.springframework.boot.test.mock.mockito.ResetMocksTestExecutionListener@54780c40, org.springframework.boot.test.autoconfigure.restdocs.RestDocsTestExecutionListener@6ac83e67, org.springframework.boot.test.autoconfigure.web.client.MockRestServiceServerResetTestExecutionListener@4d91d2da, org.springframework.boot.test.autoconfigure.web.servlet.MockMvcPrintOnlyOnFailureTestExecutionListener@12811f95, org.springframework.boot.test.autoconfigure.web.servlet.WebDriverTestExecutionListener@68f1b89, org.springframework.boot.test.autoconfigure.webservices.client.MockWebServiceServerTestExecutionListener@2d1f3639]

Esquema do Cenario: Acesso bloqueado por papel      &amp#27;[90m# features/seguranca.feature:49&amp#27;[0m
  &amp#27;[32mDado &amp#27;[0m&amp#27;[32mque estou autenticado com o papel &amp#27;[0m&amp#27;[32m&amp#27;[1m"AUXILIAR"&amp#27;[0m &amp#27;[90m# com.studiomuda.estoque.bdd.SegurancaStepDefinitions.queEstouAutenticadoComOPapel(java.lang.String)&amp#27;[0m
  &amp#27;[32mQuando &amp#27;[0m&amp#27;[32mconsulto a permissao da rota &amp#27;[0m&amp#27;[32m&amp#27;[1m"/cupons"&amp#27;[0m     &amp#27;[90m# com.studiomuda.estoque.bdd.SegurancaStepDefinitions.consultoAPermissaoDaRota(java.lang.String)&amp#27;[0m
  &amp#27;[31mEntao &amp#27;[0m&amp#27;[31mo acesso e bloqueado&amp#27;[0m                        &amp#27;[90m# com.studiomuda.estoque.bdd.SegurancaStepDefinitions.oAcessoEBloqueado()&amp#27;[0m
      &amp#27;[31mjava.lang.AssertionError: 
Expected: <403>
     but: was <200>
	at org.hamcrest.MatcherAssert.assertThat(MatcherAssert.java:20)
	at org.hamcrest.MatcherAssert.assertThat(MatcherAssert.java:6)
	at com.studiomuda.estoque.bdd.SegurancaStepDefinitions.oAcessoEBloqueado(SegurancaStepDefinitions.java:83)
	at ✽.o acesso e bloqueado(classpath:features/seguranca.feature:44)
&amp#27;[0m
]]></system-out>
  </testcase>
  <testcase name="Example #1.3" classname="com.studiomuda.estoque.bdd.CucumberTest" time="0.747">
    <failure message="&#10;Expected: &quot;/&quot;&#10;     but: was &quot;/login?error=true&quot;" type="java.lang.AssertionError">java.lang.AssertionError: 

Expected: "/"
     but: was "/login?error=true"
</failure>
    <system-out><![CDATA[2026-05-25 14:46:41.927  INFO 20432 --- [           main] .b.t.c.SpringBootTestContextBootstrapper : Neither @ContextConfiguration nor @ContextHierarchy found for test class [com.studiomuda.estoque.bdd.CucumberSpringConfiguration], using SpringBootContextLoader
2026-05-25 14:46:41.928  INFO 20432 --- [           main] o.s.t.c.support.AbstractContextLoader    : Could not detect default resource locations for test class [com.studiomuda.estoque.bdd.CucumberSpringConfiguration]: no resource found for suffixes {-context.xml, Context.groovy}.
2026-05-25 14:46:41.929  INFO 20432 --- [           main] t.c.s.AnnotationConfigContextLoaderUtils : Could not detect default configuration classes for test class [com.studiomuda.estoque.bdd.CucumberSpringConfiguration]: CucumberSpringConfiguration does not declare any static, non-private, non-final, nested classes annotated with @Configuration.
2026-05-25 14:46:41.958  INFO 20432 --- [           main] .b.t.c.SpringBootTestContextBootstrapper : Found @SpringBootConfiguration com.studiomuda.estoque.EstoqueApplication for test class com.studiomuda.estoque.bdd.CucumberSpringConfiguration
2026-05-25 14:46:41.960  INFO 20432 --- [           main] .b.t.c.SpringBootTestContextBootstrapper : Loaded default TestExecutionListener class names from location [META-INF/spring.factories]: [org.springframework.boot.test.mock.mockito.MockitoTestExecutionListener, org.springframework.boot.test.mock.mockito.ResetMocksTestExecutionListener, org.springframework.boot.test.autoconfigure.restdocs.RestDocsTestExecutionListener, org.springframework.boot.test.autoconfigure.web.client.MockRestServiceServerResetTestExecutionListener, org.springframework.boot.test.autoconfigure.web.servlet.MockMvcPrintOnlyOnFailureTestExecutionListener, org.springframework.boot.test.autoconfigure.web.servlet.WebDriverTestExecutionListener, org.springframework.boot.test.autoconfigure.webservices.client.MockWebServiceServerTestExecutionListener, org.springframework.test.context.web.ServletTestExecutionListener, org.springframework.test.context.support.DirtiesContextBeforeModesTestExecutionListener, org.springframework.test.context.event.ApplicationEventsTestExecutionListener, org.springframework.test.context.support.DependencyInjectionTestExecutionListener, org.springframework.test.context.support.DirtiesContextTestExecutionListener, org.springframework.test.context.transaction.TransactionalTestExecutionListener, org.springframework.test.context.jdbc.SqlScriptsTestExecutionListener, org.springframework.test.context.event.EventPublishingTestExecutionListener, org.springframework.security.test.context.support.WithSecurityContextTestExecutionListener, org.springframework.security.test.context.support.ReactorContextTestExecutionListener]
2026-05-25 14:46:41.973  INFO 20432 --- [           main] .b.t.c.SpringBootTestContextBootstrapper : Using TestExecutionListeners: [org.springframework.test.context.web.ServletTestExecutionListener@591ba330, org.springframework.test.context.support.DirtiesContextBeforeModesTestExecutionListener@14b4ce6f, org.springframework.test.context.event.ApplicationEventsTestExecutionListener@7c5c2b17, org.springframework.boot.test.mock.mockito.MockitoTestExecutionListener@18bf1bad, org.springframework.boot.test.autoconfigure.SpringBootDependencyInjectionTestExecutionListener@1cb929a9, org.springframework.test.context.support.DirtiesContextTestExecutionListener@2ecc4be7, org.springframework.test.context.event.EventPublishingTestExecutionListener@3355d9ba, org.springframework.security.test.context.support.WithSecurityContextTestExecutionListener@5357de0e, org.springframework.security.test.context.support.ReactorContextTestExecutionListener@6f651ac, org.springframework.boot.test.mock.mockito.ResetMocksTestExecutionListener@4a29a1e6, org.springframework.boot.test.autoconfigure.restdocs.RestDocsTestExecutionListener@57ac2910, org.springframework.boot.test.autoconfigure.web.client.MockRestServiceServerResetTestExecutionListener@3a663a45, org.springframework.boot.test.autoconfigure.web.servlet.MockMvcPrintOnlyOnFailureTestExecutionListener@e296794, org.springframework.boot.test.autoconfigure.web.servlet.WebDriverTestExecutionListener@988c126, org.springframework.boot.test.autoconfigure.webservices.client.MockWebServiceServerTestExecutionListener@3fda8dae]

Esquema do Cenario: Login de usuarios configurados em memoria       &amp#27;[90m# features/seguranca.feature:20&amp#27;[0m
  &amp#27;[32mQuando &amp#27;[0m&amp#27;[32menvio login com usuario &amp#27;[0m&amp#27;[32m&amp#27;[1m"estoquista"&amp#27;[0m&amp#27;[32m e senha &amp#27;[0m&amp#27;[32m&amp#27;[1m"Estoque@123"&amp#27;[0m &amp#27;[90m# com.studiomuda.estoque.bdd.SegurancaStepDefinitions.envioLoginComUsuarioESenha(java.lang.String,java.lang.String)&amp#27;[0m
  &amp#27;[31mEntao &amp#27;[0m&amp#27;[31msou redirecionado para &amp#27;[0m&amp#27;[31m&amp#27;[1m"/"&amp#27;[0m                                  &amp#27;[90m# com.studiomuda.estoque.bdd.SegurancaStepDefinitions.souRedirecionadoPara(java.lang.String)&amp#27;[0m
      &amp#27;[31mjava.lang.AssertionError: 
Expected: "/"
     but: was "/login?error=true"
	at org.hamcrest.MatcherAssert.assertThat(MatcherAssert.java:20)
	at org.hamcrest.MatcherAssert.assertThat(MatcherAssert.java:6)
	at com.studiomuda.estoque.bdd.SegurancaStepDefinitions.souRedirecionadoPara(SegurancaStepDefinitions.java:67)
	at ✽.sou redirecionado para "/"(classpath:features/seguranca.feature:14)
&amp#27;[0m
]]></system-out>
  </testcase>
  <testcase name="Example #1.3" classname="com.studiomuda.estoque.bdd.CucumberTest" time="0.094"/>
  <testcase name="Example #1.3" classname="com.studiomuda.estoque.bdd.CucumberTest" time="0.074">
    <failure message="&#10;Expected: &lt;403&gt;&#10;     but: was &lt;200&gt;" type="java.lang.AssertionError"><![CDATA[java.lang.AssertionError: 

Expected: <403>
     but: was <200>
]]></failure>
    <system-out><![CDATA[2026-05-25 14:46:44.525  INFO 20432 --- [           main] .b.t.c.SpringBootTestContextBootstrapper : Neither @ContextConfiguration nor @ContextHierarchy found for test class [com.studiomuda.estoque.bdd.CucumberSpringConfiguration], using SpringBootContextLoader
2026-05-25 14:46:44.526  INFO 20432 --- [           main] o.s.t.c.support.AbstractContextLoader    : Could not detect default resource locations for test class [com.studiomuda.estoque.bdd.CucumberSpringConfiguration]: no resource found for suffixes {-context.xml, Context.groovy}.
2026-05-25 14:46:44.526  INFO 20432 --- [           main] t.c.s.AnnotationConfigContextLoaderUtils : Could not detect default configuration classes for test class [com.studiomuda.estoque.bdd.CucumberSpringConfiguration]: CucumberSpringConfiguration does not declare any static, non-private, non-final, nested classes annotated with @Configuration.
2026-05-25 14:46:44.535  INFO 20432 --- [           main] .b.t.c.SpringBootTestContextBootstrapper : Found @SpringBootConfiguration com.studiomuda.estoque.EstoqueApplication for test class com.studiomuda.estoque.bdd.CucumberSpringConfiguration
2026-05-25 14:46:44.541  INFO 20432 --- [           main] .b.t.c.SpringBootTestContextBootstrapper : Loaded default TestExecutionListener class names from location [META-INF/spring.factories]: [org.springframework.boot.test.mock.mockito.MockitoTestExecutionListener, org.springframework.boot.test.mock.mockito.ResetMocksTestExecutionListener, org.springframework.boot.test.autoconfigure.restdocs.RestDocsTestExecutionListener, org.springframework.boot.test.autoconfigure.web.client.MockRestServiceServerResetTestExecutionListener, org.springframework.boot.test.autoconfigure.web.servlet.MockMvcPrintOnlyOnFailureTestExecutionListener, org.springframework.boot.test.autoconfigure.web.servlet.WebDriverTestExecutionListener, org.springframework.boot.test.autoconfigure.webservices.client.MockWebServiceServerTestExecutionListener, org.springframework.test.context.web.ServletTestExecutionListener, org.springframework.test.context.support.DirtiesContextBeforeModesTestExecutionListener, org.springframework.test.context.event.ApplicationEventsTestExecutionListener, org.springframework.test.context.support.DependencyInjectionTestExecutionListener, org.springframework.test.context.support.DirtiesContextTestExecutionListener, org.springframework.test.context.transaction.TransactionalTestExecutionListener, org.springframework.test.context.jdbc.SqlScriptsTestExecutionListener, org.springframework.test.context.event.EventPublishingTestExecutionListener, org.springframework.security.test.context.support.WithSecurityContextTestExecutionListener, org.springframework.security.test.context.support.ReactorContextTestExecutionListener]
2026-05-25 14:46:44.546  INFO 20432 --- [           main] .b.t.c.SpringBootTestContextBootstrapper : Using TestExecutionListeners: [org.springframework.test.context.web.ServletTestExecutionListener@7b6b466a, org.springframework.test.context.support.DirtiesContextBeforeModesTestExecutionListener@6686507b, org.springframework.test.context.event.ApplicationEventsTestExecutionListener@2123a61c, org.springframework.boot.test.mock.mockito.MockitoTestExecutionListener@2e5c7cd5, org.springframework.boot.test.autoconfigure.SpringBootDependencyInjectionTestExecutionListener@f252762, org.springframework.test.context.support.DirtiesContextTestExecutionListener@5b74bb75, org.springframework.test.context.event.EventPublishingTestExecutionListener@675bf541, org.springframework.security.test.context.support.WithSecurityContextTestExecutionListener@2aac87ab, org.springframework.security.test.context.support.ReactorContextTestExecutionListener@c14bbab, org.springframework.boot.test.mock.mockito.ResetMocksTestExecutionListener@72c5064f, org.springframework.boot.test.autoconfigure.restdocs.RestDocsTestExecutionListener@4a0c04ab, org.springframework.boot.test.autoconfigure.web.client.MockRestServiceServerResetTestExecutionListener@453439e, org.springframework.boot.test.autoconfigure.web.servlet.MockMvcPrintOnlyOnFailureTestExecutionListener@2d33795c, org.springframework.boot.test.autoconfigure.web.servlet.WebDriverTestExecutionListener@779ef5cb, org.springframework.boot.test.autoconfigure.webservices.client.MockWebServiceServerTestExecutionListener@5d9d8ecf]

Esquema do Cenario: Acesso bloqueado por papel        &amp#27;[90m# features/seguranca.feature:50&amp#27;[0m
  &amp#27;[32mDado &amp#27;[0m&amp#27;[32mque estou autenticado com o papel &amp#27;[0m&amp#27;[32m&amp#27;[1m"ESTOQUISTA"&amp#27;[0m &amp#27;[90m# com.studiomuda.estoque.bdd.SegurancaStepDefinitions.queEstouAutenticadoComOPapel(java.lang.String)&amp#27;[0m
  &amp#27;[32mQuando &amp#27;[0m&amp#27;[32mconsulto a permissao da rota &amp#27;[0m&amp#27;[32m&amp#27;[1m"/cupons"&amp#27;[0m       &amp#27;[90m# com.studiomuda.estoque.bdd.SegurancaStepDefinitions.consultoAPermissaoDaRota(java.lang.String)&amp#27;[0m
  &amp#27;[31mEntao &amp#27;[0m&amp#27;[31mo acesso e bloqueado&amp#27;[0m                          &amp#27;[90m# com.studiomuda.estoque.bdd.SegurancaStepDefinitions.oAcessoEBloqueado()&amp#27;[0m
      &amp#27;[31mjava.lang.AssertionError: 
Expected: <403>
     but: was <200>
	at org.hamcrest.MatcherAssert.assertThat(MatcherAssert.java:20)
	at org.hamcrest.MatcherAssert.assertThat(MatcherAssert.java:6)
	at com.studiomuda.estoque.bdd.SegurancaStepDefinitions.oAcessoEBloqueado(SegurancaStepDefinitions.java:83)
	at ✽.o acesso e bloqueado(classpath:features/seguranca.feature:44)
&amp#27;[0m
]]></system-out>
  </testcase>
  <testcase name="Login invalido volta para a tela de login com erro" classname="com.studiomuda.estoque.bdd.CucumberTest" time="0.414"/>
  <testcase name="Example #1.4" classname="com.studiomuda.estoque.bdd.CucumberTest" time="0.467"/>
  <testcase name="Example #1.4" classname="com.studiomuda.estoque.bdd.CucumberTest" time="0.095">
    <failure message="&#10;Expected: &lt;403&gt;&#10;     but: was &lt;200&gt;" type="java.lang.AssertionError"><![CDATA[java.lang.AssertionError: 

Expected: <403>
     but: was <200>
]]></failure>
    <system-out><![CDATA[2026-05-25 14:46:44.607  INFO 20432 --- [           main] .b.t.c.SpringBootTestContextBootstrapper : Neither @ContextConfiguration nor @ContextHierarchy found for test class [com.studiomuda.estoque.bdd.CucumberSpringConfiguration], using SpringBootContextLoader
2026-05-25 14:46:44.608  INFO 20432 --- [           main] o.s.t.c.support.AbstractContextLoader    : Could not detect default resource locations for test class [com.studiomuda.estoque.bdd.CucumberSpringConfiguration]: no resource found for suffixes {-context.xml, Context.groovy}.
2026-05-25 14:46:44.609  INFO 20432 --- [           main] t.c.s.AnnotationConfigContextLoaderUtils : Could not detect default configuration classes for test class [com.studiomuda.estoque.bdd.CucumberSpringConfiguration]: CucumberSpringConfiguration does not declare any static, non-private, non-final, nested classes annotated with @Configuration.
2026-05-25 14:46:44.624  INFO 20432 --- [           main] .b.t.c.SpringBootTestContextBootstrapper : Found @SpringBootConfiguration com.studiomuda.estoque.EstoqueApplication for test class com.studiomuda.estoque.bdd.CucumberSpringConfiguration
2026-05-25 14:46:44.653  INFO 20432 --- [           main] .b.t.c.SpringBootTestContextBootstrapper : Loaded default TestExecutionListener class names from location [META-INF/spring.factories]: [org.springframework.boot.test.mock.mockito.MockitoTestExecutionListener, org.springframework.boot.test.mock.mockito.ResetMocksTestExecutionListener, org.springframework.boot.test.autoconfigure.restdocs.RestDocsTestExecutionListener, org.springframework.boot.test.autoconfigure.web.client.MockRestServiceServerResetTestExecutionListener, org.springframework.boot.test.autoconfigure.web.servlet.MockMvcPrintOnlyOnFailureTestExecutionListener, org.springframework.boot.test.autoconfigure.web.servlet.WebDriverTestExecutionListener, org.springframework.boot.test.autoconfigure.webservices.client.MockWebServiceServerTestExecutionListener, org.springframework.test.context.web.ServletTestExecutionListener, org.springframework.test.context.support.DirtiesContextBeforeModesTestExecutionListener, org.springframework.test.context.event.ApplicationEventsTestExecutionListener, org.springframework.test.context.support.DependencyInjectionTestExecutionListener, org.springframework.test.context.support.DirtiesContextTestExecutionListener, org.springframework.test.context.transaction.TransactionalTestExecutionListener, org.springframework.test.context.jdbc.SqlScriptsTestExecutionListener, org.springframework.test.context.event.EventPublishingTestExecutionListener, org.springframework.security.test.context.support.WithSecurityContextTestExecutionListener, org.springframework.security.test.context.support.ReactorContextTestExecutionListener]
2026-05-25 14:46:44.657  INFO 20432 --- [           main] .b.t.c.SpringBootTestContextBootstrapper : Using TestExecutionListeners: [org.springframework.test.context.web.ServletTestExecutionListener@680937c9, org.springframework.test.context.support.DirtiesContextBeforeModesTestExecutionListener@77ad2767, org.springframework.test.context.event.ApplicationEventsTestExecutionListener@e460ca1, org.springframework.boot.test.mock.mockito.MockitoTestExecutionListener@411ae0d7, org.springframework.boot.test.autoconfigure.SpringBootDependencyInjectionTestExecutionListener@608c2042, org.springframework.test.context.support.DirtiesContextTestExecutionListener@7e84a52b, org.springframework.test.context.event.EventPublishingTestExecutionListener@40199d5e, org.springframework.security.test.context.support.WithSecurityContextTestExecutionListener@5693d1d2, org.springframework.security.test.context.support.ReactorContextTestExecutionListener@571c7572, org.springframework.boot.test.mock.mockito.ResetMocksTestExecutionListener@c6a3f47, org.springframework.boot.test.autoconfigure.restdocs.RestDocsTestExecutionListener@15a0f9, org.springframework.boot.test.autoconfigure.web.client.MockRestServiceServerResetTestExecutionListener@4840ec68, org.springframework.boot.test.autoconfigure.web.servlet.MockMvcPrintOnlyOnFailureTestExecutionListener@7cc3a7f7, org.springframework.boot.test.autoconfigure.web.servlet.WebDriverTestExecutionListener@210e2f2f, org.springframework.boot.test.autoconfigure.webservices.client.MockWebServiceServerTestExecutionListener@c31419f]

Esquema do Cenario: Acesso bloqueado por papel      &amp#27;[90m# features/seguranca.feature:51&amp#27;[0m
  &amp#27;[32mDado &amp#27;[0m&amp#27;[32mque estou autenticado com o papel &amp#27;[0m&amp#27;[32m&amp#27;[1m"AUXILIAR"&amp#27;[0m &amp#27;[90m# com.studiomuda.estoque.bdd.SegurancaStepDefinitions.queEstouAutenticadoComOPapel(java.lang.String)&amp#27;[0m
  &amp#27;[32mQuando &amp#27;[0m&amp#27;[32mconsulto a permissao da rota &amp#27;[0m&amp#27;[32m&amp#27;[1m"/estoque"&amp#27;[0m    &amp#27;[90m# com.studiomuda.estoque.bdd.SegurancaStepDefinitions.consultoAPermissaoDaRota(java.lang.String)&amp#27;[0m
  &amp#27;[31mEntao &amp#27;[0m&amp#27;[31mo acesso e bloqueado&amp#27;[0m                        &amp#27;[90m# com.studiomuda.estoque.bdd.SegurancaStepDefinitions.oAcessoEBloqueado()&amp#27;[0m
      &amp#27;[31mjava.lang.AssertionError: 
Expected: <403>
     but: was <200>
	at org.hamcrest.MatcherAssert.assertThat(MatcherAssert.java:20)
	at org.hamcrest.MatcherAssert.assertThat(MatcherAssert.java:6)
	at com.studiomuda.estoque.bdd.SegurancaStepDefinitions.oAcessoEBloqueado(SegurancaStepDefinitions.java:83)
	at ✽.o acesso e bloqueado(classpath:features/seguranca.feature:44)
&amp#27;[0m
]]></system-out>
  </testcase>
  <testcase name="Example #1.5" classname="com.studiomuda.estoque.bdd.CucumberTest" time="0.106"/>
  <testcase name="Example #1.6" classname="com.studiomuda.estoque.bdd.CucumberTest" time="0.287"/>
  <testcase name="Example #1.7" classname="com.studiomuda.estoque.bdd.CucumberTest" time="0.065"/>
  <testcase name="Geracao de rascunho quando o estoque atinge o ponto de pedido" classname="com.studiomuda.estoque.bdd.CucumberTest" time="0.048"/>
</testsuite>