<?xml version="1.0" encoding="UTF-8"?>
<testsuite xmlns:xsi="http://www.w3.org/2001/XMLSchema-instance" xsi:noNamespaceSchemaLocation="https://maven.apache.org/surefire/maven-surefire-plugin/xsd/surefire-test-report.xsd" name="CucumberTest" time="17.112" tests="30" errors="0" skipped="0" failures="0">
  <properties>
[...]
</properties>
  <testcase name="Sobra pequena e aplicada automaticamente" classname="com.studiomuda.estoque.bdd.CucumberTest" time="11.315"/>
  <testcase name="Perda acima da alcada fica pendente" classname="com.studiomuda.estoque.bdd.CucumberTest" time="0.082"/>
  <testcase name="Perda que deixa estoque negativo e bloqueada" classname="com.studiomuda.estoque.bdd.CucumberTest" time="0.063"/>
  <testcase name="Cancelamento de pedido dentro da alcada operacional" classname="com.studiomuda.estoque.bdd.CucumberTest" time="0.168"/>
  <testcase name="Cancelamento acima do limite fica pendente de aprovacao" classname="com.studiomuda.estoque.bdd.CucumberTest" time="0.096"/>
  <testcase name="Pedido ja cancelado bloqueia novo estorno" classname="com.studiomuda.estoque.bdd.CucumberTest" time="0.067"/>
  <testcase name="Gerente aprova cancelamento pendente acima do limite" classname="com.studiomuda.estoque.bdd.CucumberTest" time="0.038"/>
  <testcase name="Classificação dinâmica de Cliente VIP" classname="com.studiomuda.estoque.bdd.CucumberTest" time="0.028"/>
  <testcase name="Bloqueio de cliente com faturas em atraso" classname="com.studiomuda.estoque.bdd.CucumberTest" time="0.034"/>
  <testcase name="Bloqueio de sessao simultanea no mesmo setor" classname="com.studiomuda.estoque.bdd.CucumberTest" time="0.068"/>
  <testcase name="Fechamento automatico dentro da tolerancia" classname="com.studiomuda.estoque.bdd.CucumberTest" time="0.164"/>
  <testcase name="Divergencia severa exige aprovacao gerencial" classname="com.studiomuda.estoque.bdd.CucumberTest" time="0.047"/>
  <testcase name="Bloqueio por capacidade excedida com sugestao de janela alternativa" classname="com.studiomuda.estoque.bdd.CucumberTest" time="0.835"/>
  <testcase name="Usuario anonimo e enviado para login ao acessar area protegida" classname="com.studiomuda.estoque.bdd.CucumberTest" time="0.174"/>
  <testcase name="Example #1.1" classname="com.studiomuda.estoque.bdd.CucumberTest" time="0.536"/>
  <testcase name="Example #1.1" classname="com.studiomuda.estoque.bdd.CucumberTest" time="0.075"/>
  <testcase name="Example #1.1" classname="com.studiomuda.estoque.bdd.CucumberTest" time="0.062"/>
  <testcase name="Example #1.2" classname="com.studiomuda.estoque.bdd.CucumberTest" time="0.338"/>
  <testcase name="Example #1.2" classname="com.studiomuda.estoque.bdd.CucumberTest" time="0.039"/>
  <testcase name="Example #1.2" classname="com.studiomuda.estoque.bdd.CucumberTest" time="0.041"/>
  <testcase name="Example #1.3" classname="com.studiomuda.estoque.bdd.CucumberTest" time="0.264"/>
  <testcase name="Example #1.3" classname="com.studiomuda.estoque.bdd.CucumberTest" time="0.119"/>
  <testcase name="Example #1.3" classname="com.studiomuda.estoque.bdd.CucumberTest" time="0.118"/>
  <testcase name="Login invalido volta para a tela de login com erro" classname="com.studiomuda.estoque.bdd.CucumberTest" time="0.296"/>
  <testcase name="Example #1.4" classname="com.studiomuda.estoque.bdd.CucumberTest" time="0.035"/>
  <testcase name="Example #1.4" classname="com.studiomuda.estoque.bdd.CucumberTest" time="0.428"/>
  <testcase name="Example #1.5" classname="com.studiomuda.estoque.bdd.CucumberTest" time="0.048"/>
  <testcase name="Example #1.6" classname="com.studiomuda.estoque.bdd.CucumberTest" time="0.046"/>
  <testcase name="Example #1.7" classname="com.studiomuda.estoque.bdd.CucumberTest" time="0.055"/>
  <testcase name="Geracao de rascunho quando o estoque atinge o ponto de pedido" classname="com.studiomuda.estoque.bdd.CucumberTest" time="0.117"/>
</testsuite>